 --- BIN FILE READ: COSY
   9646 INCLUDE 'COSY';
   9647   PROCEDURE RUN ;
   9648     VARIABLE B1N 1 7;
   9649     VARIABLE B1S1 1 7;
   9650     VARIABLE B1S2 1 7;
   9651     VARIABLE B2S1 1 7;
   9652     VARIABLE B2S2 1 7;
   9653     VARIABLE B3S1 1 7;
   9654     VARIABLE B3S2 1 7;
   9655     VARIABLE B4S1 1 7;
   9656     VARIABLE B4S2 1 7;
   9657     VARIABLE B5S1 1 7;
   9658     VARIABLE B5S2 1 7;
   9659     VARIABLE B6S1 1 7;
   9660     VARIABLE B6S2 1 7;
   9661     VARIABLE B7S1 1 7;
   9662     VARIABLE B7S2 1 7;
   9663     VARIABLE B8S1 1 7;
   9664     VARIABLE B8S2 1 7;
   9665     VARIABLE NE1 1 4;
   9666     VARIABLE NM1 1 4;
   9667     VARIABLE WV 1;
   9668     VARIABLE WW 1 2;
   9669     VARIABLE CENTER 1;
   9670     VARIABLE NMAX 1;
   9671     VARIABLE XX 1;
   9672     VARIABLE AX 1;
   9673     VARIABLE YY 1;
   9674     VARIABLE AY 1;
   9675     VARIABLE DE 1;
   9676     VARIABLE SRXX 1;
   9677     VARIABLE SRAX 1;
   9678     VARIABLE SRYY 1;
   9679     VARIABLE SRAY 1;
   9680     VARIABLE SRDE 1;
   9681     VARIABLE MRESOL_P1 1;
   9682     VARIABLE MRESOL_P3 1;
   9683     VARIABLE NX 1;
   9684     VARIABLE NA 1;
   9685     VARIABLE NY 1;
   9686     VARIABLE NB 1;
   9687     VARIABLE NE 1;
   9688     VARIABLE NE2 1 4;
   9689     VARIABLE N1 1;
   9690     VARIABLE N2 1;
   9691     VARIABLE N3 1;
   9692     VARIABLE N4 1;
   9693     VARIABLE N5 1;
   9694     VARIABLE READPARA 1;
   9695     VARIABLE CANONICAL_RIGIDITY 1;
   9696     VARIABLE SC 1;
   9697     VARIABLE MISALIGN 1;
   9698     VARIABLE WF1R 1;
   9699     VARIABLE WF2R 1;
   9700     VARIABLE WF1ON 1;
   9701     VARIABLE WF2ON 1;
   9702     VARIABLE Q1  1;
   9703     VARIABLE Q1H 1;
   9704     VARIABLE Q2  1;
   9705     VARIABLE H1  1;
   9706     VARIABLE Q3  1;
   9707     VARIABLE Q4  1;
   9708     VARIABLE Q5  1;
   9709     VARIABLE H2  1;
   9710     VARIABLE Q6  1;
   9711     VARIABLE Q7  1;
   9712     VARIABLE H3  1;
   9713     VARIABLE O1  1;
   9714     VARIABLE Q8  1;
   9715     VARIABLE Q9  1;
   9716     VARIABLE Q10 1;
   9717     VARIABLE Q11 1;
   9718     VARIABLE Q12 1;
   9719     VARIABLE Q13 1;
   9720     VARIABLE Q14 1;
   9721     VARIABLE Q15 1;
   9722     VARIABLE TESTFP1 1;
   9723     VARIABLE TESTFP2 1;
   9724     VARIABLE TESTFP3 1;
   9725     VARIABLE TESTDSSD 1;
   9726     PROCEDURE SETEFB;
   9727       NE1(1) := 0;
   9728       NE1(2) := -0.01;
   9729       NE1(3) := 0;
   9730       NE1(4) := 11.;
   9731       NE2(1) := 0.0019;
   9732       NE2(2) := -0.04;
   9733       NE2(3) := 0;
   9734       NE2(4) := 11 ;
   9735       NM1(1) := 0;
   9736       NM1(2) := 0.033;
   9737       NM1(3) := 0;
   9738       NM1(4) := -3.8;
   9739       B1S1(1):=0.189;
   9740       B1S1(2):=0.0115;
   9741       B1S1(3):=0.2438;
   9742       B1S1(4):=0.9504;
   9743       B1S2(1):=0.1504;
   9744       B1S2(2):=-0.0278;
   9745       B1S2(3):=0.1095;
   9746       B1S2(4):=0.8070;
   9747       B2S1(1):=0.115;
   9748       B2S1(2):=0.0083;
   9749       B2S1(3):=0.180;
   9750       B2S1(4):=-40.15;
   9751       B2S2(1):=0.115;
   9752       B2S2(2):=-0.2499;
   9753       B2S2(3):=1.430;
   9754       B2S2(4):=38.34;
   9755       B3S1(1):=0.190;
   9756       B3S1(2):=1.0541;
   9757       B3S1(3):=-9.475;
   9758       B3S1(4):=5.54;
   9759       B3S2(1):=0.115;
   9760       B3S2(2):=-0.0499;
   9761       B3S2(3):=34.09;
   9762       B3S2(4):=52.87;
   9763       B4S1(1):=0.191;
   9764       B4S1(2):=-0.3390;
   9765       B4S1(3):=-5.464;
   9766       B4S1(4):=0.70;
   9767       B4S2(1):=0.190;
   9768       B4S2(2):=-0.0287;
   9769       B4S2(3):=-0.332;
   9770       B4S2(4):=0.08;
   9771       B5S1(1):=0.189;
   9772       B5S1(2):=0.712;
   9773       B5S1(3):=-0.825;
   9774       B5S1(4):=-53.36;
   9775       B5S2(1):=-0.180;
   9776       B5S2(2):=-5.549;
   9777       B5S2(3):=3.288;
   9778       B5S2(4):=28.82;
   9779       B6S1(1):=0.198;
   9780       B6S1(2):=0.023;
   9781       B6S1(3):=-0.227;
   9782       B6S1(4):=1.02;
   9783       B6S2(1):=0.203;
   9784       B6S2(2):=-4.13;
   9785       B6S2(3):=67.40;
   9786       B6S2(4):=52.95;
   9787       B7S1(1):=0;
   9788       B7S1(2):=0.0115;
   9789       B7S1(3):=0.066;
   9790       B7S1(4):=3.44;
   9791       B7S2(1):=0;
   9792       B7S2(2):=0.0228;
   9793       B7S2(3):=0.036;
   9794       B7S2(4):=-1.02;
   9795       B8S1(1):=0;
   9796       B8S1(2):=0.0115;
   9797       B8S1(3):=0.066;
   9798       B8S1(4):=3.44;
   9799       B8S2(1):=0;
   9800       B8S2(2):=0.0228;
   9801       B8S2(3):=0.036;
   9802       B8S2(4):=-1.02;
   9803       ENDPROCEDURE;
   9804     PROCEDURE RECOIL_BL;
   9805       IF (TESTFP1=1);
   9806         FR 3; %FR: 5390
   9807         DL 0.799906; %DL: 6515
   9808         IF (MISALIGN=1);
   9809           TA -0.0212 0.0070; %TA: 8997
   9810           RA 0.0019; %RA: 9038
   9811           SA 0.000028 0.000074; %SA: 8988
   9812           ENDIF;
   9813         M5 0.250 Q1*SC*0.95 Q1H*SC*0.95 0*0.95 -0.00318*Q1*SC*0.95 0*0
                  .95 0.055; %M5: 7175
   9814         IF (MISALIGN=1);
   9815           SA -0.000028 -0.000074; %SA: 8988
   9816           RA -0.0019; %RA: 9038
   9817           TA 0.0212 -0.0070; %TA: 8997
   9818           ENDIF;
   9819         DL 0.191104; %DL: 6515
   9820         IF (MISALIGN=1);
   9821           TA 0.0119 0.0072; %TA: 8997
   9822           RA 0.0038; %RA: 9038
   9823           SA 0.00002 0.000005; %SA: 8988
   9824           ENDIF;
   9825         MQ 0.2979 Q2*SC*1.0*1.0000695901580616 0.068; %MQ: 7032
   9826         IF (MISALIGN=1);
   9827           SA -0.00002 -0.000005; %SA: 8988
   9828           RA -0.0038; %RA: 9038
   9829           TA -0.0119 -0.0072; %TA: 8997
   9830           ENDIF;
   9831         DL 0.580965/2 ; %DL: 6515
   9832         OPENF 18 'output.txt' 'unknown';
   9833         DL 0.580965/2 ; %DL: 6515
   9834         IF (MISALIGN=1);
   9835           TA 0.0094 0.0108; %TA: 8997
   9836           RA 0.0058; %RA: 9038
   9837           SA -0.000036 0.000112; %SA: 8988
   9838           ENDIF;
   9839         MC 1.25*1.0 22.51145 0.030 B1N B1S1 B1S2 7; %MC: 7762
   9840         IF (MISALIGN=1);
   9841           SA 0.000036 -0.000112; %SA: 8988
   9842           RA -0.0058; %RA: 9038
   9843           TA -0.0094 -0.0108; %TA: 8997
   9844           ENDIF;
   9845         DL 0.999742 ; %DL: 6515
   9846         IF (MISALIGN=1);
   9847           TA 0.0044 0.0044; %TA: 8997
   9848           RA 0.0012; %RA: 9038
   9849           SA -0.000007 0.000147; %SA: 8988
   9850           ENDIF;
   9851         MC 1.25*1.0 22.5121 0.030 B1N B2S1 B2S2 7; %MC: 7762
   9852         IF (MISALIGN=1);
   9853           SA 0.000007 0.000147; %SA: 8988
   9854           RA -0.0012; %RA: 9038
   9855           TA -0.0044 -0.0044; %TA: 8997
   9856           ENDIF;
   9857         DL 0.769867; %DL: 6515
   9858         DL 0.399973; %DL: 6515
   9859         IF (MISALIGN=1);
   9860           TA -0.0165 0.0048; %TA: 8997
   9861           RA -0.0055; %RA: 9038
   9862           SA 0.000011 0.00002; %SA: 8988
   9863           ENDIF;
   9864         MH 0.26 H1*SC*0.95 0.11; %MH: 7109
   9865         IF (MISALIGN=1);
   9866           TA 0.0165 -0.0048; %TA: 8997
   9867           RA 0.0055; %RA: 9038
   9868           SA -0.000011 -0.00002; %SA: 8988
   9869           ENDIF;
   9870         DL 0.270114; %DL: 6515
   9871         IF (MISALIGN=1);
   9872           TA -0.0147 -0.0009; %TA: 8997
   9873           RA 0.0037; %RA: 9038
   9874           SA 0.000003 -0.000002; %SA: 8988
   9875           ENDIF;
   9876         MQ 0.3499 Q3*SC*0.95 0.11; %MQ: 7032
   9877         IF (MISALIGN=1);
   9878           TA 0.0147 0.0009; %TA: 8997
   9879           RA -0.0037; %RA: 9038
   9880           SA -0.000003 0.000002; %SA: 8988
   9881           ENDIF;
   9882         DL 0.351643; %DL: 6515
   9883         IF (MISALIGN=1);
   9884           TA 0.0168 0.0040; %TA: 8997
   9885           RA 0.0054; %RA: 9038
   9886           SA -0.000047 -0.000002; %SA: 8988
   9887           ENDIF;
   9888         M5 0.3467 Q4*SC*1.011711448911514 0*1.011711448911514 0*1.0117
                  11448911514 0*1.011711448911514 0*1.011711448911514 0.08; %M
                  5: 7175
   9889         IF (MISALIGN=1);
   9890           TA -0.0168 -0.0040; %TA: 8997
   9891           RA -0.0054; %RA: 9038
   9892           SA 0.000047 0.000002; %SA: 8988
   9893           ENDIF;
   9894         DL 0.213339; %DL: 6515
   9895         IF (MISALIGN=1);
   9896           TA -0.0367 -0.0012; %TA: 8997
   9897           RA 0.0223; %RA: 9038
   9898           SA -0.000012 -0.000005; %SA: 8988
   9899           ENDIF;
   9900         MQ 0.3466 Q5*SC*0.95 0.06; %MQ: 7032
   9901         IF (MISALIGN=1);
   9902           TA 0.0367 0.0012; %TA: 8997
   9903           RA -0.0223; %RA: 9038
   9904           SA 0.000012 0.000005; %SA: 8988
   9905           ENDIF;
   9906         DL 0.146731 ; %DL: 6515
   9907         PS 0.01; %PS: 6527
   9908         WW(1):= VMAX(RAY(1));
   9909         WW(2):= VMIN(RAY(1));
   9910         WV:=(WW(1)-WW(2));
   9911         WRITE 18 'BEAM_SIZE_X_FP1'&S(WV); %S:  227
   9912         WRITE 18 'X_DIS '&S(WW(1)+WW(2)); %S:  227
   9913         WW(1):= VMAX(RAY(3));
   9914         WW(2):= VMIN(RAY(3));
   9915         WV:=(WW(1)-WW(2));
   9916         WRITE 18 'BEAM_SIZE_Y_FP1'&S(WV); %S:  227
   9917         WRITE 18 'Y_DIS '&S(WW(1)+WW(2)); %S:  227
   9918         ELSEIF 1=1;
   9919         ENDIF;
   9920       IF (TESTFP2=1);
   9921         DL 0.185 ; %DL: 6515
   9922         DL 0.16965 ; %DL: 6515
   9923         MC 1.25 22.5321 0.05 B1N B3S1 B3S2 7; %MC: 7762
   9924         DL 0.50685; %DL: 6515
   9925         MC 1.25 22.5807 0.05 B1N B4S1 B4S2 7; %MC: 7762
   9926         DL 0.299023 ; %DL: 6515
   9927         IF (MISALIGN=1);
   9928           TA -0.0198 -0.0103; %TA: 8997
   9929           RA -0.0121; %RA: 9038
   9930           SA -0.000028 -0.000023; %SA: 8988
   9931           ENDIF;
   9932         M5 0.26 0*1.0 H2*SC*1.0 0*1.0 0*1.0 0*1.0 0.12; %M5: 7175
   9933         IF (MISALIGN=1);
   9934           TA 0.0198 0.0103; %TA: 8997
   9935           RA 0.0121; %RA: 9038
   9936           SA 0.000028 0.000023; %SA: 8988
   9937           ENDIF;
   9938         DL 0.270097; %DL: 6515
   9939         DL 0.270107; %DL: 6515
   9940         IF (MISALIGN=1);
   9941           TA 0.0068 -0.0021; %TA: 8997
   9942           RA 0.0016; %RA: 9038
   9943           SA -0.000035 0.000012; %SA: 8988
   9944           ENDIF;
   9945         MQ 0.3398 Q6*SC*1.05 0.14; %MQ: 7032
   9946         IF (MISALIGN=1);
   9947           TA -0.0068 0.0021; %TA: 8997
   9948           RA -0.0016; %RA: 9038
   9949           SA 0.000035 -0.000012; %SA: 8988
   9950           ENDIF;
   9951         DL 0.200109 ; %DL: 6515
   9952         IF (MISALIGN=1);
   9953           TA 0.0013 0.0096; %TA: 8997
   9954           RA 0.0039; %RA: 9038
   9955           SA -0.000028 0.00005; %SA: 8988
   9956           ENDIF;
   9957         MQ 0.3401 Q7*SC*0.997123372057059 0.13     ; %MQ: 7032
   9958         IF (MISALIGN=1);
   9959           TA -0.0013 -0.0096; %TA: 8997
   9960           RA -0.0039; %RA: 9038
   9961           SA 0.000028 -0.00005; %SA: 8988
   9962           ENDIF;
   9963         DL 0.499884 ; %DL: 6515
   9964         FC 1 1 1 -0.16 1.603 -0.0105 0.015 -0.0226 0.0038; %FC:  674
   9965         FC 1 2 1 -0.16 1.603 -0.0105 0.015 -0.0226 0.0038; %FC:  674
   9966         FC 1 1 2 -0.167 1.874 0.246 -0.052 0.0142 0.066; %FC:  674
   9967         FC 1 2 2 -0.167 1.874 0.246 -0.052 0.0142 0.066; %FC:  674
   9968         IF (WF1ON=1);
   9969           CB; %CB: 6982
   9970           WC WF1R WF1R 2.365 0.11 NE1 NM1 4 ; %WC: 8510
   9971           CB; %CB: 6982
   9972           ELSEIF 1=1;
   9973           DL 2.365; %DL: 6515
   9974           ENDIF;
   9975         FD; %FD:  864
   9976         FR 3; %FR: 5390
   9977         DL 0.500088; %DL: 6515
   9978         IF (MISALIGN=1);
   9979           TA 0.0118 0.0081; %TA: 8997
   9980           RA 0.0001; %RA: 9038
   9981           SA 0.000028 0.000003; %SA: 8988
   9982           ENDIF;
   9983         M5 0.26 0*0.95 H3*SC*0.95 0*0.95 0*0.95 0*0.95 0.09; %M5: 7175

   9984         IF (MISALIGN=1);
   9985           TA -0.0118 -0.0081; %TA: 8997
   9986           RA -0.0001; %RA: 9038
   9987           SA -0.000028 -0.000003; %SA: 8988
   9988           ENDIF;
   9989         DL 0.279901; %DL: 6515
   9990         IF (MISALIGN=1);
   9991           TA -0.0076 -0.0143; %TA: 8997
   9992           RA 0.0057; %RA: 9038
   9993           SA 0.000045 -0.000034; %SA: 8988
   9994           ENDIF;
   9995         M5 0.26 0*0.9880717669490495 0*0.9880717669490495 O1*SC*0.9880
                  717669490495 0*0.9880717669490495 0*0.9880717669490495 0.09;
                   %M5: 7175
   9996         IF (MISALIGN=1);
   9997           TA 0.0076 0.0143; %TA: 8997
   9998           RA -0.0057; %RA: 9038
   9999           SA -0.000045 0.000034; %SA: 8988
  10000           ENDIF;
  10001         DL 1.750011; %DL: 6515
  10002         PS 0.005; %PS: 6527
  10003         WW(1):= VMAX(RAY(1));
  10004         WW(2):= VMIN(RAY(1));
  10005         WV:=(WW(1)-WW(2));
  10006         WRITE 18 'BEAM_SIZE_X_FP2'&S(WV); %S:  227
  10007         WW(1):= VMAX(RAY(3));
  10008         WW(2):= VMIN(RAY(3));
  10009         WV:=(WW(1)-WW(2));
  10010         WRITE 18 'BEAM_SIZE_Y_FP2'&S(WV); %S:  227
  10011         ELSEIF 1=1;
  10012         ENDIF;
  10013       IF (TESTFP3=1);
  10014         DL    0.87212; %DL: 6515
  10015         IF (MISALIGN=1);
  10016           TA 0.0181 0.0197; %TA: 8997
  10017           RA 0.0014; %RA: 9038
  10018           SA -0.000046 0.000022; %SA: 8988
  10019           ENDIF;
  10020         M5 0.25 Q8*SC*0.9838504629980409 0*0.9838504629980409 -0.0001*
                  (Q8/-0.14822)*SC*0.9838504629980409 0*0.9838504629980409 0*0
                  .9838504629980409 0.05; %M5: 7175
  10021         IF (MISALIGN=1);
  10022           TA -0.0181 -0.0197; %TA: 8997
  10023           RA -0.0014; %RA: 9038
  10024           SA 0.000046 -0.000022; %SA: 8988
  10025           ENDIF;
  10026         DL 0.394857; %DL: 6515
  10027         IF (MISALIGN=1);
  10028           TA -0.0014 -0.0090; %TA: 8997
  10029           RA 0.0102; %RA: 9038
  10030           SA 0.000037 0.00005; %SA: 8988
  10031           ENDIF;
  10032         M5 0.30 Q9*SC*1.0280825652375565 0*1.0280825652375565 0.00015*
                  (Q9/0.23438)*SC*1.0280825652375565 0*1.0280825652375565 0*1.
                  0280825652375565 0.07; %M5: 7175
  10033         IF (MISALIGN=1);
  10034           TA 0.014 0.0090; %TA: 8997
  10035           RA -0.0102; %RA: 9038
  10036           SA -0.000037 -0.00005; %SA: 8988
  10037           ENDIF;
  10038         DL 0.360023; %DL: 6515
  10039         MC 1.25 42.5 0.036 B1N B5S1 B5S2 7; %MC: 7762
  10040         DL 0.35; %DL: 6515
  10041         MC 1.25 42.5 0.036 B1N B6S1 B6S2 7; %MC: 7762
  10042         DL 0.829984 ; %DL: 6515
  10043         IF (MISALIGN=1);
  10044           TA -0.0099 -0.0006; %TA: 8997
  10045           RA 0.0023; %RA: 9038
  10046           SA -0.000026 0.000011; %SA: 8988
  10047           ENDIF;
  10048         M5 0.26 Q10*SC*1.0 0*1.0 0.00005*(Q10/(-0.03367))*SC*1.0 0*1.0
                   0*1.0 0.09; %M5: 7175
  10049         IF (MISALIGN=1);
  10050           TA 0.0099 0.0006; %TA: 8997
  10051           RA -0.0023; %RA: 9038
  10052           SA 0.000026 -0.000011; %SA: 8988
  10053           ENDIF;
  10054         DL 0.650224; %DL: 6515
  10055         IF (MISALIGN=1);
  10056           TA 0.0184 0.0197; %TA: 8997
  10057           RA -0.0023; %RA: 9038
  10058           SA -0.000023 0.000011; %SA: 8988
  10059           ENDIF;
  10060         M5 0.34 Q11*SC*1.0 0*1.0 0.000125*(Q11/0.16158)*SC*1.0 0*1.0 0
                  *1.0 0.12; %M5: 7175
  10061         IF (MISALIGN=1);
  10062           TA -0.0184 -0.0197; %TA: 8997
  10063           RA 0.0023; %RA: 9038
  10064           SA 0.000023 -0.000011; %SA: 8988
  10065           ENDIF;
  10066         DL 0.99972 ; %DL: 6515
  10067         FC 1 1 1 -0.16 1.603 -0.0105 0.015 -0.0226 0.0038; %FC:  674
  10068         FC 1 2 1 -0.16 1.603 -0.0105 0.015 -0.0226 0.0038; %FC:  674
  10069         FC 1 1 2  -0.124 1.98 0.186 -0.069 0.01 0.053; %FC:  674
  10070         FC 1 1 2  -0.124 1.98 0.186 -0.069 0.01 0.053; %FC:  674
  10071         IF (WF2ON=1);
  10072           CB; %CB: 6982
  10073           WC WF2R WF2R 2.365  0.11 NE2 NM1 4 ; %WC: 8510
  10074           CB; %CB: 6982
  10075           ELSEIF 1=1;
  10076           DL 2.365; %DL: 6515
  10077           ENDIF;
  10078         FD; %FD:  864
  10079         FR 3; %FR: 5390
  10080         DL 4.60; %DL: 6515
  10081         PS 0.035; %PS: 6527
  10082         WW(1):= VMAX(RAY(1));
  10083         WW(2):= VMIN(RAY(1));
  10084         WV:=(WW(1)-WW(2));
  10085         WRITE 18 'BEAM_SIZE_X_FP3'&S(WV); %S:  227
  10086         WW(1):= VMAX(RAY(3));
  10087         WW(2):= VMIN(RAY(3));
  10088         WV:=(WW(1)-WW(2));
  10089         WRITE 18 'BEAM_SIZE_Y_FP3'&S(WV); %S:  227
  10090         ELSEIF 1=1;
  10091         ENDIF;
  10092       IF (TESTDSSD=1);
  10093         DL 0.25115; %DL: 6515
  10094         MQ 0.2977 Q12*SC*1.0 0.07; %MQ: 7032
  10095         DL 0.35075; %DL: 6515
  10096         MQ 0.3008 Q13*SC*1.0 0.05; %MQ: 7032
  10097         DL 0.6596/2; %DL: 6515
  10098         DL 0.6596/2; %DL: 6515
  10099         MC 1.25 55. 0.03 B1N B7S1 B7S2 4; %MC: 7762
  10100         DL 0.68; %DL: 6515
  10101         MC 1.25 55. 0.03 B1N B8S1 B8S2 4; %MC: 7762
  10102         DL 0.86025; %DL: 6515
  10103         MQ 0.2995 Q14*SC*1.00*1.0 0.05; %MQ: 7032
  10104         DL 0.44965; %DL: 6515
  10105         MQ 0.3012 Q15*SC*1.00*1.0 0.05; %MQ: 7032
  10106         DL 0.7112; %DL: 6515
  10107         PS (0.075/1.41)/2; %PS: 6527
  10108         DL 1.3945; %DL: 6515
  10109         DL 2.8194-0.7112-1.3945; %DL: 6515
  10110         PS 0.035; %PS: 6527
  10111         DL 3.1496-2.8194; %DL: 6515
  10112         PS (0.064)/2; %PS: 6527
  10113         WW(1):= VMAX(RAY(1));
  10114         WW(2):= VMIN(RAY(1));
  10115         WV:=(WW(1)-WW(2));
  10116         WRITE 18 'BEAM_SIZE_X_FP4'&S(WV); %S:  227
  10117         WW(1):= VMAX(RAY(3));
  10118         WW(2):= VMIN(RAY(3));
  10119         WV:=(WW(1)-WW(2));
  10120         WRITE 18 'BEAM_SIZE_Y_FP4'&S(WV); %S:  227
  10121         MRESOL_P1 := ABS(ME(1,7))/(2*XX*ME(1,1)); %ME:  461 %ME:  461
  10122         ELSEIF 1=1;
  10123         ENDIF;
  10124       CLOSEF 18;
  10125       ENDPROCEDURE;
  10126     OV 4 3 2 ; %OV:  914
  10127     WSET 1.5E-3; %WSET:  642
  10128     SETEFB; %SETEFB: 9726
  10129     XX:=0.00075;
  10130     AX:=0.010;
  10131     YY:=0.00075;
  10132     AY:=0.010;
  10133     DE:= 0.000;
  10134     NMAX:=190;
  10135     WF1R:=7.0;
  10136     WF2R:=7.0;
  10137     WF2ON:=1;
  10138     WF1ON:=1;
  10139     MISALIGN:=1;
  10140     Q1:=-0.39773;
  10141     Q1H:=0.004679;
  10142     Q2:=0.219352;
  10143     H1:=0.0103065;
  10144     Q3:=0.242872;
  10145     Q4:=-0.24756;
  10146     Q5:=0.112391;
  10147     H2:=0.010507;
  10148     Q6:=0.181632;
  10149     Q7:=-0.030022;
  10150     H3:=-0.0083745;
  10151     O1:=0.031283;
  10152     Q8:=-0.14822;
  10153     Q9:=0.234380;
  10154     Q10:=-0.03367;
  10155     Q11:=0.161580;
  10156     Q12:=-0.182;
  10157     Q13:=0.1910;
  10158     Q14:=0.12900;
  10159     Q15:=-0.1380;
  10160     RP 206 66*PARA(1) 21*PARA(2) ; %RP: 6282 %PARA:  989 %PARA:  989
  10161     CANONICAL_RIGIDITY:=CONS(CHIM);
  10162     RP 25.105 20*PARA(1) 8*PARA(2) ; %RP: 6282 %PARA:  989 %PARA:  989

  10163     SC:=CONS(CHIM)/CANONICAL_RIGIDITY;
  10164     UM; %UM: 1433
  10165     CR                  ; %CR:  892
  10166     UM; %UM: 1433
  10167     SR -0.00016841695789486077 -0.004891852820053974 -0.00036412299642
                  38448 -0.008123298712133093 0 -0.00019 0 0 1; %SR: 2027
  10168     SR 0.0005345789840460999 -0.0008305453104002143 0.0003105042133310
                  526 -0.0026169744958585393 0 0.00203 0 0 1; %SR: 2027
  10169     SR -0.0006023581396841939 -0.009320492356807823 8.821945110891672E
                  -05 0.0006668880372238752 0 -0.00054 0 0 1; %SR: 2027
  10170     SR 0.00048620938739589404 -0.0010017532233036472 -0.00016992275382
                  314367 0.008110014063263315 0 0.00103 0 0 1; %SR: 2027
  10171     SR -0.00028469576085693584 0.006284597458191693 0.0006026016882086
                  303 0.009285075663730479 0 0.00017 0 0 1; %SR: 2027
  10172     SR 5.5761448028245956E-05 0.0032005016009405396 -0.000396641802696
                  99897 -0.005891867787246731 0 0.00064 0 0 1; %SR: 2027
  10173     SR 8.329983996991789E-06 0.0007170004912274048 -0.0006621994626582
                  13 -0.009632290025569866 0 -0.00228 0 0 1; %SR: 2027
  10174     SR 0.00023276771297456192 0.0002777043319965048 -0.000710005816993
                  4991 0.013527137975885452 0 -0.00208 0 0 1; %SR: 2027
  10175     SR 0.0006540371080689945 0.0002890134673449272 -0.0003061894522921
                  285 -0.013101896459869785 0 -0.00136 0 0 1; %SR: 2027
  10176     SR 0.00042034279670041477 0.003431888814238709 0.00057138188886936
                  66 -0.005057274963738785 0 -0.00214 0 0 1; %SR: 2027
  10177     SR -3.9333556949661796E-05 -0.005011593996265681 -0.00063380255660
                  38123 -0.005475219644795423 0 0.00192 0 0 1; %SR: 2027
  10178     SR -0.0003117057823611552 -0.00291228701450288 -0.0004688327301258
                  791 -0.0012926117434770932 0 0.00121 0 0 1; %SR: 2027
  10179     SR 0.0005731530908588919 0.002055483477596876 0.000322871630739626
                  3 -0.010117396082241211 0 0.00051 0 0 1; %SR: 2027
  10180     SR 0.0004845582830597453 -0.0042967986492509986 2.8788191177952293
                  E-05 -0.0075002774351192545 0 -0.00062 0 0 1; %SR: 2027
  10181     SR 0.0004967779205685085 -0.004352325206426238 -0.0001323591030246
                  699 -0.00010105655233921546 0 -0.00028 0 0 1; %SR: 2027
  10182     SR -0.00014795610972176973 0.009560188262477802 -0.000590330036322
                  6211 -1.5455675479097193E-05 0 0.00036 0 0 1; %SR: 2027
  10183     SR -0.0003233113176576258 -0.003992535051090877 0.0002350411486827
                  1264 -0.009189566892812319 0 0.00013 0 0 1; %SR: 2027
  10184     SR 0.00023642476639129664 0.0023793486063822104 0.0003568567302054
                  117 0.0006596378907085097 0 -0.00064 0 0 1; %SR: 2027
  10185     SR -1.906261656237458E-05 0.0014955675452105477 -7.591533244780284
                  E-05 -0.008415291856960985 0 -0.00018 0 0 1; %SR: 2027
  10186     SR 0.00038969290628765833 -0.00031527956483405395 0.00012611486833
                  826848 0.005056845308650887 0 0.0005 0 0 1; %SR: 2027
  10187     SR -0.00030652669700951266 -0.007625382376941491 -1.08060273684915
                  35E-06 -0.0038112990589035363 0 0.00152 0 0 1; %SR: 2027
  10188     SR -0.0004248230353317328 -0.001109688368500093 -0.000286417496028
                  85625 -0.008594197838836993 0 -0.00079 0 0 1; %SR: 2027
  10189     SR 0.0002459442027203944 0.0030554847476119916 -6.534452437668003E
                  -05 0.004863041170611668 0 -0.00148 0 0 1; %SR: 2027
  10190     SR -0.00014865122292545286 0.0007508238277297802 0.000714074249579
                  6384 0.006551133960213466 0 0.00178 0 0 1; %SR: 2027
  10191     SR 0.0005297517351639565 -0.006250996993617115 4.211333700730922E-
                  05 -0.0007229222179743382 0 0.00186 0 0 1; %SR: 2027
  10192     SR -0.0005210454317715537 -0.0013060009480911922 0.000199195003217
                  26404 0.0011985011515100717 0 -6E-05 0 0 1; %SR: 2027
  10193     SR 0.0005405217455358466 -0.00885684317950293 0.000425077691634232
                   0.003114451179895315 0 -0.00097 0 0 1; %SR: 2027
  10194     SR -0.0006137413322481587 -0.006121316968130063 -0.000345854427219
                  74275 -0.008100109549309465 0 0.00165 0 0 1; %SR: 2027
  10195     SR -5.3691804472985086E-05 -0.0073578615545350666 -0.0004562472940
                  844674 0.007476155246165503 0 0.00032 0 0 1; %SR: 2027
  10196     SR 0.0005592451098645728 -0.002909581786058893 -0.0001866932196392
                  5075 0.008707237306698042 0 0.00239 0 0 1; %SR: 2027
  10197     SR -0.000352590180933725 -0.006140254678568277 -0.0001465724531732
                  4256 -0.005856347612214465 0 0.00094 0 0 1; %SR: 2027
  10198     SR 4.444571669175584E-05 0.0013574369824079563 -0.0001073899095418
                  9304 0.0020539786380848316 0 -0.00172 0 0 1; %SR: 2027
  10199     SR -0.0004681242276034048 0.0013862478446902008 -0.000361245390168
                  41564 -0.010585086667894764 0 0.00169 0 0 1; %SR: 2027
  10200     SR 0.0004940808588009952 -0.0006101787127439387 8.41063568124224E-
                  06 -0.0073819267983293475 0 -0.0004 0 0 1; %SR: 2027
  10201     SR 0.0003777140492951783 -0.009048371620358365 9.24624518851295E-0
                  5 0.0053808478500055506 0 -0.00152 0 0 1; %SR: 2027
  10202     SR -0.0001377499765188465 0.004013815357512127 3.322759323272989E-
                  05 0.0075772745971338104 0 0.00152 0 0 1; %SR: 2027
  10203     SR -0.0003426742276405466 0.0023219436662525166 0.0004137881029340
                  0453 -0.0017067512231999803 0 0.00037 0 0 1; %SR: 2027
  10204     SR -0.0005131142434458679 -0.0036382502675249887 0.000170647909710
                  50523 -0.00524101710078304 0 0.00197 0 0 1; %SR: 2027
  10205     SR -0.00021605925641194615 0.00424267290620416 0.00067762342989888
                  41 0.009307306074911353 0 -9E-05 0 0 1; %SR: 2027
  10206     SR 0.00027753999458952157 0.009073888450188698 -0.0001956734062927
                  2304 -0.0016700681944413554 0 -3E-05 0 0 1; %SR: 2027
  10207     SR -0.0003583217242560639 -0.007937336346327237 0.0004473895428808
                  2414 0.00726356843638084 0 -0.00227 0 0 1; %SR: 2027
  10208     SR -0.00046016013422200546 -0.0025945433803590116 0.00033864736974
                  036834 -0.0028600753537612257 0 0.0017 0 0 1; %SR: 2027
  10209     SR 0.00013369472871171875 -0.002338622789237268 -0.000721948703130
                  8936 -0.012060498458670414 0 0.0001 0 0 1; %SR: 2027
  10210     SR 0.0005712991256434506 0.00025966732652059105 0.0001558052152890
                  14 0.009974789893492575 0 -0.00018 0 0 1; %SR: 2027
  10211     SR -7.739287557242543E-05 -0.0030861308246933595 -0.00053227323947
                  62031 -0.0002324147654599376 0 0.00179 0 0 1; %SR: 2027
  10212     SR 0.000192624786217229 0.0012034881713490497 -7.129203185568071E-
                  05 0.008834678824915142 0 -0.00097 0 0 1; %SR: 2027
  10213     SR 0.0006662743009849985 0.0017829696840522622 1.4118963575151223E
                  -05 0.009574554616115416 0 0.00238 0 0 1; %SR: 2027
  10214     SR -0.0005382298125807113 0.0009419991032000569 0.0003871324868941
                  43 -0.0007291549016123778 0 0.00045 0 0 1; %SR: 2027
  10215     SR 0.00043424843458200594 0.005103070680796679 -0.0005575302853969
                  469 -0.003374024542010757 0 0.00059 0 0 1; %SR: 2027
  10216     SR 0.00023773808719354446 0.006996002774369869 -0.0003987432956198
                  324 0.006157410664619412 0 -0.00086 0 0 1; %SR: 2027
  10217     SR -0.0004188757603631146 -0.002049949657286405 0.0004881033208933
                  351 -0.008561619355999379 0 -9E-05 0 0 1; %SR: 2027
  10218     SR -0.0006574541168264942 0.005043728510420045 -0.0002969992288009
                  3425 0.007078935634080744 0 -0.0004 0 0 1; %SR: 2027
  10219     SR 6.944009861335168E-05 0.004661950514644605 -0.00038388359847741
                  477 0.005477539965325885 0 0.00209 0 0 1; %SR: 2027
  10220     SR -0.0003626634115203628 -0.0012436683048238958 0.000436964906384
                  21565 0.002615887069515091 0 -0.00243 0 0 1; %SR: 2027
  10221     SR -0.00048473917695363467 -0.008859104252717962 -0.00019882923781
                  5223 0.005131329550699875 0 -0.00093 0 0 1; %SR: 2027
  10222     SR 0.0006784782392075055 -0.006432378421085802 -2.7304202446355813
                  E-05 -0.007107597871436029 0 -0.0024 0 0 1; %SR: 2027
  10223     SR 0.0001985936074534834 0.005728546214044781 -5.268292432680281E-
                  05 0.0078090551566298615 0 0.00238 0 0 1; %SR: 2027
  10224     SR -0.00047420531538096386 -0.0015634914584865495 -0.0002544743041
                  0394117 0.006604135609560548 0 -0.00152 0 0 1; %SR: 2027
  10225     SR 0.0003788431856016667 0.005073668457114603 0.000103922568689722
                  05 -0.0019467704581120654 0 -0.00081 0 0 1; %SR: 2027
  10226     SR 7.20775323149917E-05 0.004751035094212339 -0.000103820824343056
                  8 -0.010002083947714239 0 0.00234 0 0 1; %SR: 2027
  10227     SR 0.0003391489260429383 -0.004088779381806747 -0.0001566442852909
                  195 -0.0136219996633223 0 -0.00029 0 0 1; %SR: 2027
  10228     SR 0.000279539470144091 0.003269626276784739 0.0006255872511573072
                   0.0007531411054892063 0 -0.00043 0 0 1; %SR: 2027
  10229     SR 0.0003023150422551305 0.0028908781551027383 0.00067357375520485
                  88 -0.0067653267330135295 0 -0.00163 0 0 1; %SR: 2027
  10230     SR 0.0004091082544983333 0.0037647251096243495 -0.0005427806753872
                  927 -0.013215132694280119 0 0.00249 0 0 1; %SR: 2027
  10231     SR -0.0005995283295442086 0.004332995102968879 0.00015693460193671
                  595 -0.0014672123121563328 0 0.0002 0 0 1; %SR: 2027
  10232     SR 0.00029484425991264967 0.0012234917641765297 -0.000217284516213
                  58746 -0.008964381693663894 0 0.00019 0 0 1; %SR: 2027
  10233     SR -0.0005166435939831383 0.006025330125494062 0.00035611172848867
                  964 -0.0032526496639960294 0 0.00212 0 0 1; %SR: 2027
  10234     SR -6.925111489635725E-06 0.005146322905012762 -0.0001608850397555
                  3755 0.00553645664572517 0 0.0019 0 0 1; %SR: 2027
  10235     SR -0.0001012497771101765 0.001121413585601713 -0.0002584109141274
                  0137 -0.008131865096001532 0 -0.00012 0 0 1; %SR: 2027
  10236     SR -6.634221835287537E-05 -6.127535811272037E-05 -0.00013949752863
                  252855 -0.006332520747817192 0 0.00242 0 0 1; %SR: 2027
  10237     SR -0.00019279669232836775 0.007634380190396605 0.0003747744925113
                  4006 0.006823720476986371 0 -0.0001 0 0 1; %SR: 2027
  10238     SR 0.00026971476077141873 -0.00406702237219719 -0.0004379129166544
                  9096 0.00261958843847658 0 0.00237 0 0 1; %SR: 2027
  10239     SR 6.104623166007731E-05 0.005889126193829211 -4.1277148595829826E
                  -05 0.00039877307491956475 0 0.00176 0 0 1; %SR: 2027
  10240     SR -0.00015435079384944658 0.0004935441462966537 -0.00019395120823
                  445603 -0.006538496975256369 0 0.0014 0 0 1; %SR: 2027
  10241     SR -0.000376638974772532 0.0038840943782419393 -3.731461621485605E
                  -05 -0.0031858735198924564 0 0.00233 0 0 1; %SR: 2027
  10242     SR 0.00016144763477177985 0.00811702261875298 0.000128436123247701
                  68 -0.0028527127263314606 0 0.0003 0 0 1; %SR: 2027
  10243     SR 0.00013799477751899524 -0.0014978236972046323 0.000630440689780
                  0341 0.007686385925893194 0 -0.00114 0 0 1; %SR: 2027
  10244     SR -0.0005771987722482147 0.008542260271140908 -0.0004231685377853
                  767 0.006113085334434708 0 -0.00027 0 0 1; %SR: 2027
  10245     SR 5.173902850449705E-05 0.004789610782412622 0.000371281411308454
                  96 0.004790874208683033 0 -0.00038 0 0 1; %SR: 2027
  10246     SR -0.00037210081544481735 0.003139661731336783 0.0005107513061060
                  143 0.012262089388970712 0 -0.002 0 0 1; %SR: 2027
  10247     SR -0.0005440502058895804 0.0003469970711452754 0.0003651537967067
                  987 -0.010668749858967656 0 0.00143 0 0 1; %SR: 2027
  10248     SR 9.15694365771885E-05 -0.0031650548918023373 -0.0003327259680367
                  695 0.00141224982960777 0 -0.0014 0 0 1; %SR: 2027
  10249     SR -9.652507547273143E-05 0.0020320985675076437 -0.000526926725153
                  311 0.0066343351949999406 0 -0.00243 0 0 1; %SR: 2027
  10250     SR -0.0001372655582434063 -0.008387616846282612 0.0002261423311893
                  5164 -0.005195912967361784 0 0.00232 0 0 1; %SR: 2027
  10251     SR 0.00015449374284678808 0.0012456523477437594 0.0006923933640756
                  439 -0.0030179707862481153 0 0.001 0 0 1; %SR: 2027
  10252     SR 7.836706298640264E-05 -0.005396667374190285 0.00043181887117859
                  204 -0.002109595579844094 0 -0.00102 0 0 1; %SR: 2027
  10253     SR -0.00028852003716905815 0.0010005001956238798 0.000174041398085
                  76238 0.01067561019100665 0 0.00087 0 0 1; %SR: 2027
  10254     SR -0.00033707288044811426 0.00464054780388615 -0.0001442518440298
                  9353 -0.010868025640051892 0 -0.00191 0 0 1; %SR: 2027
  10255     SR -0.0002966470066690445 -0.005923455630881627 8.467041558049921E
                  -05 0.002751963337547021 0 0.00218 0 0 1; %SR: 2027
  10256     SR -0.00027771976363250256 -0.0065787626363526235 4.34938461796825
                  6E-05 -0.010380533671603217 0 0.00095 0 0 1; %SR: 2027
  10257     SR -0.0006014430207053013 -0.004950078029683095 -0.000155157152380
                  2754 -0.006666548171924135 0 -0.00074 0 0 1; %SR: 2027
  10258     SR -0.0001804388013796651 -0.004430523285939352 -9.50255946150577E
                  -05 -0.005243822220203031 0 -0.00072 0 0 1; %SR: 2027
  10259     SR -0.0004845265842450783 -0.00856138498133338 -0.0001113555393825
                  8012 0.0007212958996279333 0 0.00043 0 0 1; %SR: 2027
  10260     SR 0.0006428950840737847 -0.004448333749698966 -0.0001290744360055
                  297 0.003688269622543689 0 -0.00151 0 0 1; %SR: 2027
  10261     SR -0.00017160150415768114 -0.005534232525521429 0.000663137032846
                  5385 0.007128748596951041 0 0.00123 0 0 1; %SR: 2027
  10262     SR 0.0003882263345067033 0.003912432999753245 0.000264742671789127
                  5 -0.013270290391974852 0 0.00153 0 0 1; %SR: 2027
  10263     SR 0.0007342155497074911 -0.003669320184506244 -7.678437487706493E
                  -05 0.010621753004480462 0 -0.00053 0 0 1; %SR: 2027
  10264     SR -0.00039270319283247546 0.00218716249380246 -0.0006130216217418
                  166 -0.01081386249217438 0 0.00132 0 0 1; %SR: 2027
  10265     SR 0.0004279356917623153 0.00800092816516405 -0.000489481548534560
                  4 -0.008307553464301204 0 0.00086 0 0 1; %SR: 2027
  10266     SR 0.00012569785455587284 -0.0028361586961656022 -0.00031133615346
                  8603 -0.014237265071149585 0 0.00192 0 0 1; %SR: 2027
  10267     SR 1.6555330032434802E-05 0.0032617303879391196 -0.000609575351746
                  9937 -0.011237168707977306 0 0.00089 0 0 1; %SR: 2027
  10268     SR -0.0006682664471535332 -0.0051891992816565655 0.000293223852973
                  89974 -0.0094434912138003 0 0.00032 0 0 1; %SR: 2027
  10269     SR 0.00021979539596832877 -0.008305625265430938 0.0002860660955994
                  838 -0.0050840529231803225 0 -0.00198 0 0 1; %SR: 2027
  10270     SR -0.00014265229044224483 -0.008205307277056343 -0.00035299556965
                  23585 0.008083765613502086 0 0.00048 0 0 1; %SR: 2027
  10271     SR 0.00040054004732484626 -0.005246681034987975 -0.000528927586790
                  2424 -0.00974712738463419 0 0.00205 0 0 1; %SR: 2027
  10272     SR -0.00020314144263865517 -0.004125311109355127 0.000265862738814
                  03584 0.010559245522328174 0 -0.00212 0 0 1; %SR: 2027
  10273     SR -0.00016283322615815403 7.080947805926004E-05 0.000503796401862
                  3594 -0.0041777930798887145 0 -0.00099 0 0 1; %SR: 2027
  10274     SR 0.0003583822963172478 0.0029372172875256715 -0.0003042187291931
                  1163 0.009299419847223558 0 -8E-05 0 0 1; %SR: 2027
  10275     SR -0.00017692517156695417 -0.006867989900484715 -0.00020873965554
                  292023 -0.009335767736802142 0 -0.00186 0 0 1; %SR: 2027
  10276     SR -5.51961183089938E-05 -0.0037128247786906324 0.0003299241158785
                  2205 0.006027253398994058 0 -0.00139 0 0 1; %SR: 2027
  10277     SR 5.688222985479821E-05 0.0037265714151103776 -0.0006352793177488
                  218 0.008183086482445947 0 -0.00072 0 0 1; %SR: 2027
  10278     SR 0.00017375007346212513 -0.0070709229316715805 -0.00015115245207
                  410012 0.006778924539590355 0 0.0006 0 0 1; %SR: 2027
  10279     SR -0.0005389916652007272 0.004634104153013579 0.00037639176439049
                  037 0.002384651181801123 0 -0.0015 0 0 1; %SR: 2027
  10280     SR 3.69871233977388E-05 -0.001611996084976672 0.000184413967592755
                  9 -0.013239674190668453 0 0.00145 0 0 1; %SR: 2027
  10281     SR 0.00010721198138200454 -0.00125083262606345 0.00040095068766841
                  046 -0.014175964300044515 0 -0.00114 0 0 1; %SR: 2027
  10282     SR -0.0005951118908614261 0.006872668269390098 -6.315684576594915E
                  -05 0.0034448747969860268 0 -0.00082 0 0 1; %SR: 2027
  10283     SR 0.0005546978258168515 0.003988632929569158 0.000245311593117785
                  15 -0.007251328881147507 0 0.00094 0 0 1; %SR: 2027
  10284     SR 0.0006390287636317502 -0.009221576559813158 -0.0002337921422239
                  8202 -0.001945486593382368 0 -0.00045 0 0 1; %SR: 2027
  10285     SR -4.366937752125509E-05 0.0033077769935793665 -0.000602145786423
                  1106 -0.011220618382030824 0 0.00216 0 0 1; %SR: 2027
  10286     SR -0.00045663736006380356 0.00222588812542438 4.5699358446875274E
                  -05 0.005118166887943957 0 7E-05 0 0 1; %SR: 2027
  10287     SR 7.451300217545938E-05 -0.0005460851516515764 -0.000145753756826
                  30574 -0.010163350687275235 0 0.00023 0 0 1; %SR: 2027
  10288     SR -0.00034351240552120643 0.0030892198091021297 0.000371511859635
                  3165 -0.013502904725368282 0 0.0012 0 0 1; %SR: 2027
  10289     SR 0.0001413787922792273 -0.007550693231174693 -3.1781100306138036
                  E-05 -0.0016248894459336132 0 0.00022 0 0 1; %SR: 2027
  10290     SR 0.00019461280284729677 0.00012336422343949184 0.000376707629357
                  10755 -0.0018762329756239226 0 0.00153 0 0 1; %SR: 2027
  10291     SR -1.6521121191053087E-05 0.002496327278564441 -7.16988107695498E
                  -05 -0.0042855616448593415 0 0.00171 0 0 1; %SR: 2027
  10292     SR -0.0005133604641352705 -0.0034265907553440323 -0.00022093422143
                  706985 -0.013996278427385767 0 0.00179 0 0 1; %SR: 2027
  10293     SR -0.0003018501135585347 0.0034002424277889396 -0.000291010023864
                  50414 -0.008402967460869385 0 -0.00153 0 0 1; %SR: 2027
  10294     SR 0.0005061033191494594 0.0005479754636493885 -0.0005156640898839
                  883 0.0004212417410936906 0 0.001 0 0 1; %SR: 2027
  10295     SR 0.0003993771982823312 -0.0012640194151053545 -0.000217106501581
                  62859 -0.008871382915226718 0 -0.00238 0 0 1; %SR: 2027
  10296     SR -7.9947340432496E-05 -0.004772149638268983 0.000449023645126427
                  3 0.0018587089679263976 0 -0.00199 0 0 1; %SR: 2027
  10297     SR 0.00022973173273587894 0.0025606986313179542 0.0004698891326216
                  051 0.0016661530114351752 0 -0.00216 0 0 1; %SR: 2027
  10298     SR 0.0003798546318009423 0.004853698003029362 0.000278584282764777
                  16 -6.395642929427935E-05 0 -0.00018 0 0 1; %SR: 2027
  10299     SR -0.00046727046361240155 -0.004765855199805011 0.000247364826984
                  77387 0.005973883361075441 0 -0.00117 0 0 1; %SR: 2027
  10300     SR 0.00018307545216709296 -0.0032630724851265415 -0.00020344254104
                  44656 0.009262105020860213 0 0.00068 0 0 1; %SR: 2027
  10301     SR -0.0004487614825876512 -0.002885928419065094 -7.360306460507832
                  E-05 -0.0023345962497396964 0 0.00157 0 0 1; %SR: 2027
  10302     SR 0.00017794387676668517 0.002741886059201314 0.00062716090424568
                  77 0.01052418583316365 0 0.00137 0 0 1; %SR: 2027
  10303     SR 0.00014322319464211533 -0.004294214794287354 -0.000504519297937
                  1095 -0.009843208965517065 0 -0.00178 0 0 1; %SR: 2027
  10304     SR 0.00033961255222266087 -0.0072290380202126745 -0.00015927166039
                  939356 -0.00011338045095353308 0 0.0005 0 0 1; %SR: 2027
  10305     SR -0.0002621715949783644 -0.0032335863006337008 -0.00053362052286
                  85054 0.008288070859328919 0 -0.00035 0 0 1; %SR: 2027
  10306     SR 1.9386371187976776E-05 0.0010343824721885141 -0.000403188152153
                  1773 -0.0037974487831164824 0 -0.00231 0 0 1; %SR: 2027
  10307     SR 0.00039969731512814316 -0.006280144184414704 0.0004530714283267
                  8147 0.007138884124362239 0 -0.00051 0 0 1; %SR: 2027
  10308     SR -0.00030952066169838703 -0.0072253362610671485 -0.0006530320614
                  109027 0.0020523991594655227 0 5E-05 0 0 1; %SR: 2027
  10309     SR 0.00031680423040932444 -0.00044913500858238836 0.00031103833282
                  59575 -0.004569680435682413 0 -0.00227 0 0 1; %SR: 2027
  10310     SR 1.12394421283335E-05 -0.0074548742325632605 0.00033662066597244
                  13 0.0017186531626679675 0 -0.00071 0 0 1; %SR: 2027
  10311     SR 0.0004151084012532257 -0.00267107112427352 -0.00034961814838961
                  92 -0.0006890946128824803 0 -0.0011 0 0 1; %SR: 2027
  10312     SR -0.0006646900679954874 0.006895914804569252 -0.0003263042871497
                  891 -0.008288271974898224 0 0.00033 0 0 1; %SR: 2027
  10313     SR 0.00046312694220502663 0.0035891184090826645 0.0002619605145654
                  6933 0.006426148258875196 0 0.0015 0 0 1; %SR: 2027
  10314     SR 0.0003990137457368244 0.004980610367126894 -0.00020660475851243
                  758 0.009825855646908858 0 0.00221 0 0 1; %SR: 2027
  10315     SR 0.0001308638660939046 -0.00031300045908524163 -0.00032204516507
                  496533 -0.0007334886440807779 0 0.00054 0 0 1; %SR: 2027
  10316     SR 6.253213909010998E-05 -0.003876080944942247 4.7542976809049066E
                  -05 0.012870093387147754 0 -0.00244 0 0 1; %SR: 2027
  10317     SR -7.762737963889417E-05 -0.005198677051187814 -0.000367472721002
                  6271 0.011199407439157502 0 0.00098 0 0 1; %SR: 2027
  10318     SR -0.00015950740089632745 -0.0003651442666820981 0.00016456104251
                  465423 0.007207594067081787 0 -9E-05 0 0 1; %SR: 2027
  10319     SR -0.0004148793948760395 0.0024992566810168554 -0.000118743475147
                  62655 -0.005627333512989578 0 0.0013 0 0 1; %SR: 2027
  10320     SR 0.00025047922152782274 0.009246023746130289 -0.0001827815728236
                  4206 -0.0017341550347864912 0 0.00058 0 0 1; %SR: 2027
  10321     SR 0.00040429235330352435 -0.00029333545565584366 -0.0002389492745
                  279707 0.013311936942410244 0 -0.0015 0 0 1; %SR: 2027
  10322     SR -0.0001469346909860521 0.0031461174818616195 -0.000561052244165
                  6496 -0.010352898044722475 0 -0.00048 0 0 1; %SR: 2027
  10323     SR 0.00036829133028994755 -0.0034161503541884825 0.000151057909392
                  42534 0.011673696645776915 0 8E-05 0 0 1; %SR: 2027
  10324     SR 0.000577944390571288 -0.0008916371049279172 0.00011473233740238
                  179 -0.005563530789883347 0 0.00043 0 0 1; %SR: 2027
  10325     SR -0.00015085257755433377 -0.0037896637416132703 9.35352883242055
                  1E-05 -0.012125541783979534 0 -0.00061 0 0 1; %SR: 2027
  10326     SR 0.00017483554107874952 -0.0007320731692501466 -0.00046448355910
                  627177 -0.013395551757722862 0 -0.00123 0 0 1; %SR: 2027
  10327     SR 0.0002467120143897216 0.0009345605683364858 -0.0005726910986909
                  079 -0.005387216983140556 0 -0.00167 0 0 1; %SR: 2027
  10328     SR -0.00024078619800437995 0.005572632534370472 -3.762207473704502
                  4E-05 0.007670748763812684 0 0.00227 0 0 1; %SR: 2027
  10329     SR -0.0005512230580629817 -0.0006138581448997272 0.000393246100704
                  71923 -0.00789297082498862 0 -0.00181 0 0 1; %SR: 2027
  10330     SR 0.0006669071916178441 0.003618141297295614 -0.00028730920964701
                  71 -0.006783088628342444 0 0.0016 0 0 1; %SR: 2027
  10331     SR -0.0003576675990770313 -0.007138828619805991 0.0006301667070237
                  256 0.0016673781171350562 0 -0.00211 0 0 1; %SR: 2027
  10332     SR -0.00033855511784985904 0.005355993848550852 0.0006270885457921
                  558 -0.004606252834081349 0 -0.00233 0 0 1; %SR: 2027
  10333     SR -0.0003504390242460471 0.0029365734206540446 6.262295101974448E
                  -05 0.011584621047983175 0 -0.00146 0 0 1; %SR: 2027
  10334     SR -0.0003121752127500362 -0.0031581373655494584 0.000187251592565
                  42746 -0.003990533869809507 0 0.0018 0 0 1; %SR: 2027
  10335     SR 1.1708996688986801E-05 0.009322557421691816 -8.827364687570312E
                  -05 0.0029013676225034036 0 -0.00183 0 0 1; %SR: 2027
  10336     SR -0.000326243932839341 -0.004833246201655505 -0.0004647863608571
                  2247 0.010235214699921388 0 0.0024 0 0 1; %SR: 2027
  10337     SR 0.0004406211509475852 -0.009806112079416614 -0.0006046953039181
                  949 -0.0016928653242206464 0 -0.00087 0 0 1; %SR: 2027
  10338     SR 0.00011074678670177402 0.000505197908427693 0.00012855198356834
                  27 -0.006188285169561652 0 0.00162 0 0 1; %SR: 2027
  10339     SR -0.0006540563602778905 -0.007511289739856884 0.0001526431832818
                  0425 -0.009295834179952186 0 -0.00234 0 0 1; %SR: 2027
  10340     SR -0.0005894883436885743 -0.007343128079907384 0.0003718713715551
                  2815 -0.009991175282252046 0 -0.0021 0 0 1; %SR: 2027
  10341     SR 0.000265846615840403 0.0008683007475897526 0.000563734818671263
                  1 -0.000505449832476432 0 5E-05 0 0 1; %SR: 2027
  10342     SR -6.96143869523117E-06 -0.0001282195379863078 -2.763928466857500
                  5E-05 -0.001971680909330339 0 0.00159 0 0 1; %SR: 2027
  10343     SR -0.00014989484280836753 0.008226037554911704 -0.000431343126846
                  1861 -0.005734562924245575 0 -0.00027 0 0 1; %SR: 2027
  10344     SR -5.294620683809967E-05 0.0005455786867369684 0.0006092232609779
                  414 0.012039689207515936 0 0.00034 0 0 1; %SR: 2027
  10345     SR 0.00028295570937465027 -0.0007657544585777294 -0.00033390404641
                  689875 -0.003595567162820349 0 0.00026 0 0 1; %SR: 2027
  10346     SR -0.0001960733683023227 -0.0011773565127404537 -0.00063529415689
                  12819 -0.004778897186249032 0 0.0024 0 0 1; %SR: 2027
  10347     SR -0.00021798843424920944 -0.005773952807166079 0.000152946862074
                  67648 -0.000501402267310503 0 -0.0024 0 0 1; %SR: 2027
  10348     SR 0.00023081178583481417 -0.009459398756844822 0.0005224911565850
                  567 0.004737260480548883 0 0.00117 0 0 1; %SR: 2027
  10349     SR 0.0006645672852387599 0.004082392130540133 -7.407617516038274E-
                  05 0.010037659755444487 0 -0.00032 0 0 1; %SR: 2027
  10350     SR 0.000271780153715054 -0.0039831636460772165 -7.575637763423566E
                  -05 0.008421040579510704 0 -0.00139 0 0 1; %SR: 2027
  10351     SR -0.0003405694076502921 -0.0020153129743503647 -0.00038170378399
                  98281 0.003207319783302817 0 -0.00207 0 0 1; %SR: 2027
  10352     SR 0.0002972016376818899 0.008838043171596994 -0.00019084777493764
                  827 0.0010591490277719608 0 0.00061 0 0 1; %SR: 2027
  10353     SR -0.0005942868439849685 0.007613698760001284 0.00019337902863010
                  697 0.006836945113525614 0 -0.00164 0 0 1; %SR: 2027
  10354     SR -0.0005076746813958484 -0.00772886807133316 -0.0003469001962790
                  2453 0.00833913764972189 0 0.00151 0 0 1; %SR: 2027
  10355     SR -0.0002485024633913851 -0.005568888500599424 0.0003941964225794
                  127 0.0016739849948941175 0 -0.0005 0 0 1; %SR: 2027
  10356     SR 9.819785396218689E-05 0.003366727456996557 -0.00044979189609964
                  93 0.012100247832854433 0 -0.00232 0 0 1; %SR: 2027
  10357     SR 0.00015851341102917084 -0.00822456549222969 0.00070511164043389
                  76 -0.006081536736345194 0 -0.00101 0 0 1; %SR: 2027
  10358     SR 0.0005051845786593591 -0.005262583342118422 0.00037141685367375
                  95 0.00974112923234248 0 -0.00229 0 0 1; %SR: 2027
  10359     SR -0.0004575709849150977 -0.0017186542782462726 -0.00055901064748
                  42079 0.007879411096205447 0 -0.0018 0 0 1; %SR: 2027
  10360     SR 0.00040894877332310517 -0.004625785241905104 -0.000133088813777
                  81836 0.001284529807573494 0 -0.00233 0 0 1; %SR: 2027
  10361     SR 3.873112098065901E-06 0.00048487402015524314 -0.000363496788779
                  588 0.011729356731288656 0 0.00027 0 0 1; %SR: 2027
  10362     SR 0.000261896785893447 0.00034850291492976345 -0.0004169276487733
                  617 0.009518600193136868 0 -0.00186 0 0 1; %SR: 2027
  10363     SR 0.0001716373871527447 0.004638812806812933 0.000653538908236995
                  3 0.012903196262661875 0 -0.0008 0 0 1; %SR: 2027
  10364     SR -0.00020372780974167466 -0.0004596956627644156 0.00017431950118
                  624578 0.0029862117150311926 0 0.00083 0 0 1; %SR: 2027
  10365     SR -0.0004619663438389947 -0.0007280955611767816 -3.07661454567913
                  3E-05 0.0034164071979697467 0 -0.00153 0 0 1; %SR: 2027
  10366     SR 1.9541970595586932E-05 -0.0036808646809582293 0.000217038990360
                  61566 0.008533340536107185 0 -0.00133 0 0 1; %SR: 2027
  10367     SR 0.0003662633961687231 0.002801714979378895 -0.00063598422180521
                  9 0.012235621748369258 0 -4E-05 0 0 1; %SR: 2027
  10368     SR -3.32403480102133E-05 -0.0034619432911778885 -0.000168712736740
                  19406 0.004268331889070783 0 0.00081 0 0 1; %SR: 2027
  10369     SR -0.000145107093566711 0.0038277365115489703 -8.678432912355922E
                  -05 -0.0052417607904537335 0 0.00014 0 0 1; %SR: 2027
  10370     SR -0.0006462587068364 -0.005678469948541182 -0.000138054205751178
                  63 0.00010579023934441514 0 -0.00241 0 0 1; %SR: 2027
  10371     SR 0.00018093050727046534 -0.004549710360230447 0.0005680006399505
                  557 -0.009533219017705527 0 -0.00178 0 0 1; %SR: 2027
  10372     SR -0.00017679496019906888 -0.006917277167993727 -0.00037936226455
                  487037 0.003721727769924052 0 -0.00215 0 0 1; %SR: 2027
  10373     SR -0.000545529726198895 -0.008820018825102822 -0.0002045216865765
                  678 0.000947034725485765 0 0.00184 0 0 1; %SR: 2027
  10374     SR -0.0005565366927021235 -0.008058922170796363 -0.000493608390856
                  3931 -0.0016558299753806553 0 -0.00172 0 0 1; %SR: 2027
  10375     SR -0.0005354872671010694 0.008203813869647032 0.00026203451238884
                  9 0.007542142249100463 0 0.00074 0 0 1; %SR: 2027
  10376     SR 0.000572103644370971 0.002156634980555243 -4.584438776838352E-0
                  5 0.008657671607160676 0 -0.00136 0 0 1; %SR: 2027
  10377     SR -0.0004142696990428176 -0.00024193603792424648 8.11317167322207
                  8E-05 0.010852730669060085 0 0.00238 0 0 1; %SR: 2027
  10378     SR -4.3370158526104136E-05 -0.0001607136346222778 0.00013640624778
                  664634 -0.010538252149713458 0 0.00227 0 0 1; %SR: 2027
  10379     SR -0.0004997562436361625 0.005711525723277521 -0.0003039744100386
                  5953 -0.0035547776350290756 0 -0.00087 0 0 1; %SR: 2027
  10380     SR -0.00032783394104913047 -0.008396909787469877 -0.00011722471677
                  749829 -0.0025939236681403522 0 -0.00195 0 0 1; %SR: 2027
  10381     SR -0.00017689714169741457 0.003084681055923145 -0.000485291066988
                  70934 -0.01260565623462395 0 0.00248 0 0 1; %SR: 2027
  10382     SR 0.00029485372643871455 -0.008107903910152798 0.0003850797134378
                  455 0.008377806973951721 0 -0.00211 0 0 1; %SR: 2027
  10383     SR 0.0004648907323675046 -0.00228913713343934 -0.00025403598255123
                  005 -0.008091455625921996 0 -0.00232 0 0 1; %SR: 2027
  10384     SR -0.0004343173591784331 0.0029927198657600973 -0.000105843481294
                  49017 0.008891876779618646 0 0.00084 0 0 1; %SR: 2027
  10385     SR 0.0003561968443063752 -0.0004517766252893513 0.0005785197174901
                  577 -0.008352174779788748 0 0.00184 0 0 1; %SR: 2027
  10386     SR -9.637233408251628E-05 0.0018741476212863588 -0.000720539875517
                  6381 -0.00886822331779051 0 -0.00132 0 0 1; %SR: 2027
  10387     SR -0.0002952842232197429 0.00015957459177547815 0.000240537152948
                  3287 -0.014168031006193911 0 0.00161 0 0 1; %SR: 2027
  10388     SR -0.0005775612504214908 0.0038329336632546797 -0.000339057836975
                  24543 0.0004053650979427924 0 -0.00025 0 0 1; %SR: 2027
  10389     SR -0.00012293175513394713 0.005442670811337075 0.0001481578083729
                  99 0.0092209176268562 0 0.00231 0 0 1; %SR: 2027
  10390     SR -0.00039886088219385796 -0.0017996105841291653 -0.0003769388935
                  151869 0.005279037823750764 0 -0.0002 0 0 1; %SR: 2027
  10391     SR -0.0007248213897646345 0.00682565315259394 0.000139514457672816
                  94 0.00953297113857351 0 -0.00121 0 0 1; %SR: 2027
  10392     SR -0.0001723610901282036 -0.004395878685750968 0.0006150752196733
                  063 0.012968896245571647 0 -0.00072 0 0 1; %SR: 2027
  10393     SR -0.0005092344289603847 -0.0034685033658704645 8.290170815856869
                  E-05 0.0055741630276470045 0 -0.0012 0 0 1; %SR: 2027
  10394     SR 0.0002034608176559589 -0.009286143552019186 -0.0005704975559691
                  834 -0.0035592217589892087 0 -0.0023 0 0 1; %SR: 2027
  10395     SR 0.0005370387868301782 -0.0049940886852249304 -0.000220037821277
                  31725 0.011030891901237102 0 0.00083 0 0 1; %SR: 2027
  10396     SR -0.00039408025516013515 0.009060034575356474 -4.227903231768596
                  E-05 -0.00485536069700139 0 0.0009 0 0 1; %SR: 2027
  10397     SR 0.00046136239753602834 0.0030856837210845502 -0.000404114543877
                  63527 0.011293336404243777 0 -0.00247 0 0 1; %SR: 2027
  10398     SR -0.0003736204680944018 0.0064615209403021765 -0.000392780742825
                  2461 -0.00423647330145373 0 -0.00052 0 0 1; %SR: 2027
  10399     SR -0.00046466023717465555 8.094197936855058E-05 -8.92982727422006
                  5E-05 0.003573436295305209 0 -0.00241 0 0 1; %SR: 2027
  10400     SR -0.0005715503551122629 0.00013862759128038774 -0.00026993996986
                  173874 0.0012059477678469177 0 0.00245 0 0 1; %SR: 2027
  10401     SR 0.00014694563201372938 -0.00460729447423121 0.00052868653317173
                  61 -0.0077514848107211485 0 -0.0007 0 0 1; %SR: 2027
  10402     SR -0.0006908520100624924 -0.009540789159745655 -0.000236074295697
                  4402 0.00264410720845785 0 -0.00148 0 0 1; %SR: 2027
  10403     SR 0.0003298862285908159 0.007836018759488257 0.000211338281339831
                  09 0.008396723069933538 0 -0.00174 0 0 1; %SR: 2027
  10404     SR 0.00026329896430530154 0.00645100596686368 0.000592449768363226
                  9 -0.002184309779016564 0 0.00072 0 0 1; %SR: 2027
  10405     SR 5.355859803769685E-05 -0.00502345491412007 -0.00011712197095867
                  318 -0.006949940216699915 0 -0.00059 0 0 1; %SR: 2027
  10406     SR -0.0007250734532220758 -0.0026880347170355214 5.975745448983315
                  6E-05 -0.007470673973880635 0 0.00062 0 0 1; %SR: 2027
  10407     SR 3.532045741799559E-05 -0.005529432165227071 0.00052324778156036
                  67 0.004493875219671222 0 -0.00139 0 0 1; %SR: 2027
  10408     SR 0.0002328569963059041 0.0020381501886044045 -5.327534110842116E
                  -05 -0.004491977859721052 0 -0.00173 0 0 1; %SR: 2027
  10409     SR 0.00013604370486410117 -0.0024245783597473835 0.000702940062451
                  0623 0.013757477054227361 0 -0.00196 0 0 1; %SR: 2027
  10410     SR -0.0006259438425166952 -0.008340815923049581 -0.000312389998798
                  28046 0.00478393083087585 0 -0.00161 0 0 1; %SR: 2027
  10411     SR 0.00038398860220002063 -0.0017213774310778462 0.000177320936146
                  5306 0.006421376633914879 0 -0.00119 0 0 1; %SR: 2027
  10412     SR 0.0007182686658940095 -0.006777311934241096 4.917659929586605E-
                  05 -0.010447676978125117 0 -0.0023 0 0 1; %SR: 2027
  10413     SR 0.0003016086771891189 -0.007178559093400759 -0.0004102247712602
                  006 0.007148162658902577 0 -0.00147 0 0 1; %SR: 2027
  10414     SR 0.00024176336608918288 0.004693611113970058 -0.0005918853248469
                  155 0.009307346352629121 0 -0.00243 0 0 1; %SR: 2027
  10415     SR 0.0001537528267752222 0.007350342285433587 0.000117599033002751
                  04 -0.008397157776121513 0 0.00197 0 0 1; %SR: 2027
  10416     SR -0.00039367471081701636 0.008089643730287376 -0.000397132623297
                  79415 0.0040898732687954615 0 0.00149 0 0 1; %SR: 2027
  10417     SR 0.0003438262698661767 -0.002501949616084921 -0.0003160459576447
                  9554 0.003780996775308255 0 0.00047 0 0 1; %SR: 2027
  10418     SR 0.0001678553438616025 0.00042935208465087694 -0.000240465688557
                  87858 0.005274817575475432 0 0.00042 0 0 1; %SR: 2027
  10419     SR 0.00022623024063922568 -0.006885242898196931 0.0003147574855442
                  5935 -0.0066413517114521465 0 0.0013 0 0 1; %SR: 2027
  10420     SR -0.00022580214014499038 -0.00606370490514878 -0.000159782728576
                  79462 0.010928851888685085 0 -0.00147 0 0 1; %SR: 2027
  10421     SR 7.491040502518055E-05 -0.0027014089230633746 -0.000382123894018
                  75166 -0.013469569524180375 0 -0.00196 0 0 1; %SR: 2027
  10422     SR 0.00018036472843226852 0.00508001737138677 -0.00040687617914195
                  72 0.004538459426935988 0 0.0015 0 0 1; %SR: 2027
  10423     SR -0.000446332204048988 -0.0034031121434344993 0.0002725628995614
                  89 -0.0025887874852259787 0 -0.00062 0 0 1; %SR: 2027
  10424     SR -0.000515100201900411 -0.002267337194360071 -0.0003178634812452
                  2817 -0.008351655488748912 0 0.00213 0 0 1; %SR: 2027
  10425     SR 0.0001615182253335549 -0.0026427802720437035 -0.000255939985674
                  16214 -0.014104425078796338 0 -0.00031 0 0 1; %SR: 2027
  10426     SR 0.000309103860451033 0.007952630781443568 0.0004058192894493808
                   0.008380046968278048 0 3E-05 0 0 1; %SR: 2027
  10427     SR -0.00047167195926114985 -8.970238385396018E-05 -0.0003059172742
                  428423 0.008394180382804286 0 0.00115 0 0 1; %SR: 2027
  10428     SR 0.00020028252129842606 -0.008201890532516758 0.0002921511309314
                  3506 -0.003826099037739999 0 -0.00239 0 0 1; %SR: 2027
  10429     SR 0.00038861309088458745 -0.003363962402100201 0.0004465910327299
                  0823 0.006463560651090509 0 0.00187 0 0 1; %SR: 2027
  10430     SR -2.805569470106296E-06 -0.0049021364174537336 -0.00011351660641
                  613132 0.00017082527821833972 0 0.00056 0 0 1; %SR: 2027
  10431     SR -0.00011464131925386487 -0.0062517172151122374 -0.0007133753873
                  976299 -0.0032318358433780425 0 -0.0023 0 0 1; %SR: 2027
  10432     SR -0.0005099457530628404 -0.0036637796386189306 0.000445723136289
                  52174 0.004638115578047394 0 -0.00158 0 0 1; %SR: 2027
  10433     SR 0.0005120593014809284 -0.0042521740988466636 -5.267792699717789
                  6E-05 -0.008418184533581275 0 -0.00187 0 0 1; %SR: 2027
  10434     SR -0.0007059101329693373 -0.0072023713684947295 -0.00014050135878
                  521366 0.0014008024763306627 0 -0.00197 0 0 1; %SR: 2027
  10435     SR 0.0006895853142843843 0.006518020029092277 -0.00010283977255782
                  298 -0.007437249757253736 0 -0.00042 0 0 1; %SR: 2027
  10436     SR -0.0006873226106934412 0.0003575938462886579 4.3263043943145884
                  E-05 -0.004138363415450941 0 0.00103 0 0 1; %SR: 2027
  10437     SR 0.0007118019577853429 -0.001351673422070598 -0.0001664648915820
                  3545 0.005619119189722382 0 -0.00123 0 0 1; %SR: 2027
  10438     SR 0.000225443184318976 0.006472360465463426 0.0006226188053758883
                   -0.008469329666007457 0 -0.00025 0 0 1; %SR: 2027
  10439     SR 0.0001241647939689457 0.0018914847488219462 -0.0006429879076598
                  186 0.008589467742372764 0 0.00098 0 0 1; %SR: 2027
  10440     SR 0.0004649469799919171 0.004375354857002223 0.000425735389181946
                  6 0.006968674255966281 0 0.0013 0 0 1; %SR: 2027
  10441     SR -0.00031934358715684813 -0.0033525537568667952 0.00048162553265
                  5086 -0.003944962607234029 0 0.00202 0 0 1; %SR: 2027
  10442     SR 0.000314130803102345 -0.007853338853558411 0.000353082595423845
                  9 -8.715294766981878E-05 0 -0.00197 0 0 1; %SR: 2027
  10443     SR -0.00029629396037422474 -0.003146429332522987 0.000125310356699
                  10757 -0.00034275392810877446 0 -0.00214 0 0 1; %SR: 2027
  10444     SR -0.0003680626085369454 -0.00565881126606557 -0.0002506396453432
                  692 0.006979155620930954 0 0.00234 0 0 1; %SR: 2027
  10445     SR -0.000481783036130426 0.0007103284878851671 0.00052956436088093
                  28 0.008972406256952016 0 0.00161 0 0 1; %SR: 2027
  10446     SR 0.0003865813330531494 -0.0018165857350350343 -0.000449004144463
                  05466 -0.0009055552704127776 0 -0.00247 0 0 1; %SR: 2027
  10447     SR -2.2429623631037926E-07 -0.007998396809567088 0.000229845746950
                  82485 0.002108901702443244 0 0.00061 0 0 1; %SR: 2027
  10448     SR 0.00016633456194213895 0.004836053773149342 0.00039466740303927
                  98 -0.0071564066514486 0 0.00186 0 0 1; %SR: 2027
  10449     SR -0.0004057339094776426 0.006890872809122413 -0.0001199373014791
                  8785 -0.0010207636458070411 0 0.00246 0 0 1; %SR: 2027
  10450     SR -5.493329964009342E-05 0.0035498210029278345 0.0002498942027098
                  6145 -0.0068581469647144 0 -0.00074 0 0 1; %SR: 2027
  10451     SR 0.00039274079346983344 -0.0036782186987184234 2.865639519856410
                  8E-05 0.00414621094338683 0 0.00053 0 0 1; %SR: 2027
  10452     SR 0.00026843983654483664 -2.280931099703137E-05 -0.00064747980580
                  82598 0.0032275004672596692 0 -0.00049 0 0 1; %SR: 2027
  10453     SR 0.0005113172860874083 -0.0028488515776880705 -0.000183926494155
                  73578 0.005232100749078125 0 0.00041 0 0 1; %SR: 2027
  10454     SR -0.0005269890833674434 -0.0042923860715198105 -0.00038926063446
                  418366 -0.011179987700531604 0 0.00097 0 0 1; %SR: 2027
  10455     SR -0.00020145286020316556 -0.0019219628618368846 0.00020777276868
                  004488 -0.011757732667605913 0 0.00038 0 0 1; %SR: 2027
  10456     SR 0.00032617381219779206 -0.008536938536035705 -0.000445920777771
                  3208 -3.030858556811789E-05 0 -1E-05 0 0 1; %SR: 2027
  10457     SR 0.0003376278941669621 0.00576868227839703 0.0004262828404706207
                   -0.003199024955891599 0 -0.0021 0 0 1; %SR: 2027
  10458     SR -0.0005354307296020699 0.002716784167305245 -0.0003761752182598
                  749 -0.008941074573600844 0 0.00245 0 0 1; %SR: 2027
  10459     SR 5.642764437374032E-05 0.00028534877985135894 0.0005255268375296
                  802 -0.005061113760708661 0 0.00245 0 0 1; %SR: 2027
  10460     SR -0.0005114831878325619 0.00853809981050343 -0.00048114666292392
                  285 -0.004127958748810696 0 0.00097 0 0 1; %SR: 2027
  10461     SR -0.0006607268039777665 -0.004228522396595746 -0.000170704487006
                  82515 -0.001710533015084808 0 -0.00208 0 0 1; %SR: 2027
  10462     SR -0.00024265396030504505 -0.004002689547567938 -0.00065562315870
                  41774 0.01292820483047421 0 0.00167 0 0 1; %SR: 2027
  10463     SR -0.0003346396293165667 -0.007355668078097035 -0.000380666569354
                  6233 -0.002863955711396923 0 0.00101 0 0 1; %SR: 2027
  10464     SR 0.00040586750565475735 0.00244539719469919 7.2605761974542E-05 
                  -0.009806114042422008 0 0.0012 0 0 1; %SR: 2027
  10465     SR -0.0005820153412618705 -0.0021080765186321684 -0.00036022156865
                  5695 0.00762570463525729 0 -0.00132 0 0 1; %SR: 2027
  10466     SR 0.000560761138057347 0.008662916018404954 0.0002492318741878587
                   0.002730198862145985 0 0.00168 0 0 1; %SR: 2027
  10467     SR -0.00011754788877287395 0.00506809877881126 -0.0006231886668477
                  65 -0.008627248164018952 0 0.0001 0 0 1; %SR: 2027
  10468     SR -0.00023351042589248125 0.001876843375479974 0.0001998015972964
                  1596 0.013041088360421007 0 -0.00036 0 0 1; %SR: 2027
  10469     SR -0.00041548057970672476 -0.001389360262764679 0.000246021334671
                  35825 0.010242253471233453 0 0.0009 0 0 1; %SR: 2027
  10470     SR -0.0005764437550980546 -0.004718634500555763 0.0001002250118134
                  2838 0.011397094313328252 0 -0.00102 0 0 1; %SR: 2027
  10471     SR -5.89471624123796E-06 0.0019731556073364002 -0.0003767519112022
                  4483 -0.0023798297288982373 0 0.00248 0 0 1; %SR: 2027
  10472     SR -5.081214808487904E-05 0.0013417019582758962 -0.000568327273091
                  7475 0.009758360104962982 0 0.00215 0 0 1; %SR: 2027
  10473     SR -0.0002945209472696305 0.004589387143990285 -2.389744658651632E
                  -05 1.0208650196990376E-05 0 0.00181 0 0 1; %SR: 2027
  10474     SR -0.0006414863807988883 0.009334424037893072 -4.328090104071071E
                  -05 0.0025834584630541387 0 0.00107 0 0 1; %SR: 2027
  10475     SR 0.0005971822074182804 0.0009077663774218338 0.00040226744915319
                  813 -0.008481971428390769 0 0.00129 0 0 1; %SR: 2027
  10476     SR 0.0005129206182289755 0.0030084188325067113 -0.0002023533155307
                  3997 -0.010922926649075635 0 0.00242 0 0 1; %SR: 2027
  10477     SR 0.00011115487759504164 0.0018341665295348644 0.0004335532622401
                  4994 0.0024926618015385766 0 0.00159 0 0 1; %SR: 2027
  10478     SR -0.0006106562888242761 0.004206765563062779 -0.0002586281078226
                  255 -0.0005612704533092794 0 -0.00221 0 0 1; %SR: 2027
  10479     SR -0.00015757040437023028 -0.003994254582797112 8.13969430960266E
                  -05 0.00839999277832262 0 -0.00143 0 0 1; %SR: 2027
  10480     SR 0.00011126113498439759 0.0042779943464002915 -6.373982347535223
                  E-05 -0.0069070716892132055 0 0.00013 0 0 1; %SR: 2027
  10481     SR 0.0005431863136538565 0.004198358016889481 0.000487624933136036
                  95 -0.006754131653557357 0 -0.0021 0 0 1; %SR: 2027
  10482     SR 0.00031033202647951386 -0.0009880583245236235 0.000142137854218
                  87462 -0.0010065444705414932 0 -0.00214 0 0 1; %SR: 2027
  10483     SR -0.00030965657108380823 -0.003546304013071031 -0.00051795948938
                  96113 0.002721385623168798 0 -0.00152 0 0 1; %SR: 2027
  10484     SR -0.0005498298086576984 -0.0022783250227004256 0.000487383994465
                  48477 -0.01181340701447512 0 -0.00118 0 0 1; %SR: 2027
  10485     SR 0.0005919584898346799 -0.0028589279859482283 -0.000244330857896
                  3086 0.0019414675634024116 0 0.00147 0 0 1; %SR: 2027
  10486     SR 0.00043682628012727643 0.0030711149149815807 8.127316680332841E
                  -05 0.006864279447218134 0 0.0 0 0 1; %SR: 2027
  10487     SR -0.0006018213189243888 0.004789945889460569 0.00021148294302345
                  886 -0.0028580658916570042 0 -0.00158 0 0 1; %SR: 2027
  10488     SR 0.00024907189912934836 -0.00221591443500366 0.00039115317535032
                  274 -0.005448601335024382 0 0.00234 0 0 1; %SR: 2027
  10489     SR 8.04360770466434E-05 -0.000974517353714854 -0.00058455817120751
                  85 0.012934376071366055 0 -0.00213 0 0 1; %SR: 2027
  10490     SR 2.4824210347674593E-05 -0.00036411236004569973 -0.0007102664233
                  99748 -0.007823752388166951 0 -0.00134 0 0 1; %SR: 2027
  10491     SR 0.000554704283080073 0.006634332769892443 -4.085801130737247E-0
                  5 -0.002814737523429089 0 -0.00028 0 0 1; %SR: 2027
  10492     SR 0.0006715647767891709 -0.002756697738761231 -5.535194409506607E
                  -06 0.002753467220751273 0 0.00059 0 0 1; %SR: 2027
  10493     SR 4.2809892949697463E-05 0.009541407446752343 0.00029264708842821
                  293 0.004438062292588796 0 0.00205 0 0 1; %SR: 2027
  10494     SR -0.0003074949818588361 -0.00507720670268358 -0.0001245330824132
                  6103 -0.0036068084460971154 0 -0.00045 0 0 1; %SR: 2027
  10495     SR -0.0003121489581148297 0.009397090382617306 1.52550839740564E-0
                  5 -0.005081439363699671 0 2E-05 0 0 1; %SR: 2027
  10496     SR 0.0004355169918108226 0.004437111549809733 0.000522808156700336
                  3 0.009286570641097378 0 0.00118 0 0 1; %SR: 2027
  10497     SR -0.0007169908471617365 -0.001075862252750071 0.0001375190708992
                  0159 0.0020519376962810786 0 -0.00105 0 0 1; %SR: 2027
  10498     SR -7.33272969163922E-05 0.0008093623921269731 0.00072145394374566
                  67 0.000598259598475578 0 0.00175 0 0 1; %SR: 2027
  10499     SR -0.00016205495213163123 -0.00046033684103928866 -0.000292351177
                  2155785 -0.004324335820119173 0 -0.00129 0 0 1; %SR: 2027
  10500     SR -0.0006871476349398708 -0.0049253274955553365 1.854318053128391
                  E-05 9.836125121523768E-06 0 0.00174 0 0 1; %SR: 2027
  10501     SR 0.0003290460186019925 -0.009440234733109993 0.00014703433898343
                  904 -0.0007619230753537045 0 0.00052 0 0 1; %SR: 2027
  10502     SR -0.0005196068529334783 -0.008450755174002761 0.0002689776779080
                  707 -0.006065304600911239 0 -0.00215 0 0 1; %SR: 2027
  10503     SR 0.0003655979961758718 -0.0015699201770242432 0.0004178299601366
                  622 -0.014724707386728746 0 0.00052 0 0 1; %SR: 2027
  10504     SR 0.000339873844382129 0.004194076997300582 0.0004010516919486908
                  7 -0.012724658081355571 0 0.00089 0 0 1; %SR: 2027
  10505     SR 0.000497016411174029 -0.0006256112606074634 -0.0003901776615483
                  1435 0.0022699441752518745 0 0.00133 0 0 1; %SR: 2027
  10506     SR -0.0006606345348223019 -0.006951603089722 6.002811433765593E-05
                   -0.006007138593348624 0 0.00249 0 0 1; %SR: 2027
  10507     SR -0.0006006779729381043 0.0016896037727418135 -1.533129404415657
                  E-05 0.01448595308123189 0 0.00127 0 0 1; %SR: 2027
  10508     SR -0.00016837220872695412 0.005153673177712321 -0.000311100552655
                  92696 0.012576064378978962 0 -0.00164 0 0 1; %SR: 2027
  10509     SR 0.0005917562735640486 -0.00901062359196402 0.000110671181404922
                  29 0.003831351453822693 0 0.00126 0 0 1; %SR: 2027
  10510     SR -9.218553932147494E-05 0.00034255579576887314 0.000555230395674
                  0483 0.011701119887371141 0 -0.00053 0 0 1; %SR: 2027
  10511     SR -7.608324553874476E-05 0.0012198546828797285 0.0004481505744478
                  7644 0.005039291534107807 0 -0.00066 0 0 1; %SR: 2027
  10512     SR 0.0003407038114836712 -0.007760610153480408 -3.9406227874035297
                  E-05 -0.00019051913469597459 0 -0.00212 0 0 1; %SR: 2027
  10513     SR 0.0005172515648334256 -0.004964560161417727 5.513407408049027E-
                  06 0.004852854963845257 0 -0.00136 0 0 1; %SR: 2027
  10514     SR -0.00038291595775230395 -0.004675560372115464 0.000538001240136
                  5979 0.009991222700327578 0 -0.00229 0 0 1; %SR: 2027
  10515     SR -9.029066623900733E-05 0.004803093261537732 0.00042965257855949
                  007 0.0010618732540724574 0 -0.0008 0 0 1; %SR: 2027
  10516     SR 0.00037380086019252575 -0.004469632236052984 0.0006113564591365
                  252 -0.010982213240271904 0 -0.00091 0 0 1; %SR: 2027
  10517     SR -0.0002566232694427067 0.0043530020083405755 -0.000260696122776
                  20385 0.00273596694126876 0 0.00231 0 0 1; %SR: 2027
  10518     SR -8.606799988682784E-05 0.002502652078248157 0.00023216409113353
                  51 -0.007896600244180027 0 -0.00232 0 0 1; %SR: 2027
  10519     SR -0.00012338230879965266 0.0050427743186585074 -0.00033434382608
                  983355 -0.01205798253306381 0 0.00133 0 0 1; %SR: 2027
  10520     SR -0.0004524722198302337 -0.0020234256136128304 5.821166734090911
                  E-05 0.00928067325411833 0 0.0011 0 0 1; %SR: 2027
  10521     SR -0.00039372600745575515 -0.0071364156034152745 0.00057792594029
                  20567 0.006583212886648182 0 0.00045 0 0 1; %SR: 2027
  10522     SR 0.00020811522055019758 -0.0032910782408124848 -0.00064578334490
                  03927 0.011693158742643147 0 0.00033 0 0 1; %SR: 2027
  10523     SR 0.00031653723515694164 0.0016779128981701855 0.0001896572641722
                  7854 0.0019262137938415053 0 0.00138 0 0 1; %SR: 2027
  10524     SR 0.0006953574950526205 -0.0009553355994023331 0.0002672789752839
                  8977 -0.005806288134785237 0 0.00091 0 0 1; %SR: 2027
  10525     SR 0.00029849003066943764 -0.0017676624059979218 -0.00047500095773
                  59438 -0.00023656373030392982 0 3E-05 0 0 1; %SR: 2027
  10526     SR 5.2954151514170025E-06 0.006484855960312171 0.00037805403312736
                  97 0.0043969581209763065 0 -0.00229 0 0 1; %SR: 2027
  10527     SR -0.000656675867412152 -0.006101158865122687 -0.0002612369459073
                  575 -0.006804214312263424 0 -0.00143 0 0 1; %SR: 2027
  10528     SR -5.061009105997195E-05 -0.0050028693341052175 -0.00067615795512
                  14573 0.006178373412279722 0 -0.00048 0 0 1; %SR: 2027
  10529     SR 0.00021377849419328154 0.008571918537018539 0.00035783316378790
                  127 0.0037206538255354516 0 -0.00046 0 0 1; %SR: 2027
  10530     SR 0.0005875600122603966 -0.008562066733000858 0.00011654536022403
                  439 0.0006786211135100168 0 0.00243 0 0 1; %SR: 2027
  10531     SR -0.0004986618040327211 0.007583594548923924 0.00020004770381837
                  556 0.008750860279985041 0 -0.00084 0 0 1; %SR: 2027
  10532     SR 0.00047302827179026977 0.00022293321047085044 0.000426069366661
                  81517 0.014558008305789004 0 0.00126 0 0 1; %SR: 2027
  10533     SR -0.00037097057349864433 0.00014880996421162454 -0.0003063660521
                  713732 -0.008249537161413878 0 -0.00169 0 0 1; %SR: 2027
  10534     SR 0.0005880187881400784 0.002363697187504332 0.000316988517887246
                  9 -0.00894355924822768 0 0.00024 0 0 1; %SR: 2027
  10535     SR 0.0002990053621838421 0.0019275506118687045 -0.0004231364547821
                  284 0.0009794421340077845 0 0.00215 0 0 1; %SR: 2027
  10536     SR -0.0002636064331959065 0.0016446308351420436 -0.000419518681347
                  0161 0.013023153832287884 0 -0.00128 0 0 1; %SR: 2027
  10537     SR 0.00010740457240595815 0.0021425652107507284 0.0002382927121524
                  3503 0.007835581076234598 0 -0.00155 0 0 1; %SR: 2027
  10538     SR 0.00010009465337997693 -0.0007266499701666601 0.000185006023695
                  54128 0.007872774732941202 0 -0.00221 0 0 1; %SR: 2027
  10539     SR 0.0005246745983881814 0.0009676500654553406 -0.0004745006851458
                  9286 -0.0037802215583857966 0 -0.00187 0 0 1; %SR: 2027
  10540     SR 0.00044991559417413384 0.0026684243848620758 -0.000471860685192
                  67506 -0.009343839012774571 0 0.00132 0 0 1; %SR: 2027
  10541     SR -0.00035572231816724124 -0.0041345329549385594 -0.0004010324093
                  9988195 -0.011176869092853021 0 0.00102 0 0 1; %SR: 2027
  10542     SR -0.00039456980733376814 0.005254043374162325 -0.000227990323601
                  64303 -0.0002050503138091632 0 -0.00072 0 0 1; %SR: 2027
  10543     SR -0.0002545242957891761 0.0042486605559897235 -0.000251316511902
                  2298 -0.0004953379114742784 0 -0.00046 0 0 1; %SR: 2027
  10544     SR -0.00012556912680405992 0.009722114459351883 0.0002173728995437
                  1536 0.001111061991545859 0 0.00074 0 0 1; %SR: 2027
  10545     SR 0.00014728302910567474 -0.007379789248535412 0.0002799006461375
                  559 0.002408628259787233 0 0.00085 0 0 1; %SR: 2027
  10546     SR -0.0004984371239971409 0.0035369404250259833 0.0001855900397324
                  057 0.006203134671171124 0 -0.00052 0 0 1; %SR: 2027
  10547     SR -0.0002773826954563765 0.0006057076652982509 -0.000622202152619
                  3082 -0.0002239519592683576 0 -0.00118 0 0 1; %SR: 2027
  10548     SR -0.0006241360293110221 -0.0016258605483534434 -0.00033279148301
                  930314 0.010288816910488852 0 -0.00188 0 0 1; %SR: 2027
  10549     SR -0.0005021485628879812 0.002498402796794016 0.00021171823370211
                  038 0.005460371411353676 0 -0.00016 0 0 1; %SR: 2027
  10550     SR 0.00010914585613994008 0.0057809157261400875 0.0006938157758611
                  981 -0.006532264706259197 0 0.00029 0 0 1; %SR: 2027
  10551     SR -0.00043449421256933665 0.0021495595239079675 0.000430754557659
                  3385 -0.0011637842668671952 0 -8E-05 0 0 1; %SR: 2027
  10552     SR 0.0003436787937729168 -0.009370311284522538 0.00060848191024284
                  88 0.0024046423766914578 0 0.001 0 0 1; %SR: 2027
  10553     SR 2.55594111065456E-05 -0.007329422920978355 0.000441466627809429
                  4 -0.008636953566886086 0 -0.00066 0 0 1; %SR: 2027
  10554     SR -0.0004515633041080384 -0.0001489740275508464 0.000560416811716
                  9411 0.0019302380806324323 0 -0.00129 0 0 1; %SR: 2027
  10555     SR 0.00028903343618612786 -0.003045719379002089 2.8150869029443804
                  E-05 0.005933320283801045 0 -0.00044 0 0 1; %SR: 2027
  10556     SR 0.0002508309026969714 0.0016923561312162314 0.00052312277191007
                  56 -0.011720610505585387 0 -0.00155 0 0 1; %SR: 2027
  10557     SR -0.00021170115157525518 0.007539722497264188 -0.000619868279801
                  628 -0.007495350883569567 0 0.00077 0 0 1; %SR: 2027
  10558     SR -0.0005221987623684871 -0.00488518264435393 0.00034874877501715
                  333 -0.011126496898095212 0 0.00197 0 0 1; %SR: 2027
  10559     SR 0.00014334177214102124 0.0016312077151899175 -5.857099480415582
                  E-05 0.009578592604431613 0 -0.00012 0 0 1; %SR: 2027
  10560     SR 0.0002523417320532374 -0.00012098958936205806 -7.76341577337445
                  6E-05 -0.014791537962272434 0 -0.00027 0 0 1; %SR: 2027
  10561     SR -0.00029755450345298634 0.0075327337666389665 -0.00061973839829
                  98533 -0.0018621808574039128 0 0.00025 0 0 1; %SR: 2027
  10562     SR 0.00011256830388806957 0.0062557436141889985 0.0003693395563931
                  561 -0.0027693555733681943 0 -0.00148 0 0 1; %SR: 2027
  10563     SR 2.9208388159619685E-06 -0.006648647281029268 8.117615017484719E
                  -05 -0.01085430572758244 0 0.00225 0 0 1; %SR: 2027
  10564     SR -3.958764863929078E-06 0.0002595930585707904 0.0004127318655148
                  382 0.011702714998421898 0 0.00192 0 0 1; %SR: 2027
  10565     SR 0.00017010058132694731 0.0034600718827792016 0.0004000424363297
                  3447 0.0030586978861244897 0 0.00162 0 0 1; %SR: 2027
  10566     SR -9.475229771741545E-05 0.0002664214080282546 -0.000406619174826
                  7025 -0.014372163951488812 0 -0.00017 0 0 1; %SR: 2027
  10567     TESTFP1:=1;
  10568     TESTFP2:=1;
  10569     TESTFP3:=1;
  10570     TESTDSSD:=1;
  10571     BP; %BP: 2714
  10572     RECOIL_BL; %RECOIL_BL: 9804
  10573     EP; %EP: 2773
  10574     ENDPROCEDURE ;
  10575   RUN ; %RUN: 9647
