 --- BIN FILE READ: COSY
   9646 INCLUDE 'COSY';
   9647   PROCEDURE RUN ;
   9648     VARIABLE B1N 1 7;
   9649     VARIABLE B1S1 1 7;
   9650     VARIABLE B1S2 1 7;
   9651     VARIABLE B2S1 1 7;
   9652     VARIABLE B2S2 1 7;
   9653     VARIABLE B3S1 1 7;
   9654     VARIABLE B3S2 1 7;
   9655     VARIABLE B4S1 1 7;
   9656     VARIABLE B4S2 1 7;
   9657     VARIABLE B5S1 1 7;
   9658     VARIABLE B5S2 1 7;
   9659     VARIABLE B6S1 1 7;
   9660     VARIABLE B6S2 1 7;
   9661     VARIABLE B7S1 1 7;
   9662     VARIABLE B7S2 1 7;
   9663     VARIABLE B8S1 1 7;
   9664     VARIABLE B8S2 1 7;
   9665     VARIABLE NE1 1 4;
   9666     VARIABLE NM1 1 4;
   9667     VARIABLE WV 1;
   9668     VARIABLE WW 1 2;
   9669     VARIABLE CENTER 1;
   9670     VARIABLE NMAX 1;
   9671     VARIABLE XX 1;
   9672     VARIABLE AX 1;
   9673     VARIABLE YY 1;
   9674     VARIABLE AY 1;
   9675     VARIABLE DE 1;
   9676     VARIABLE SRXX 1;
   9677     VARIABLE SRAX 1;
   9678     VARIABLE SRYY 1;
   9679     VARIABLE SRAY 1;
   9680     VARIABLE SRDE 1;
   9681     VARIABLE MRESOL_P1 1;
   9682     VARIABLE MRESOL_P3 1;
   9683     VARIABLE NX 1;
   9684     VARIABLE NA 1;
   9685     VARIABLE NY 1;
   9686     VARIABLE NB 1;
   9687     VARIABLE NE 1;
   9688     VARIABLE NE2 1 4;
   9689     VARIABLE N1 1;
   9690     VARIABLE N2 1;
   9691     VARIABLE N3 1;
   9692     VARIABLE N4 1;
   9693     VARIABLE N5 1;
   9694     VARIABLE READPARA 1;
   9695     VARIABLE CANONICAL_RIGIDITY 1;
   9696     VARIABLE SC 1;
   9697     VARIABLE MISALIGN 1;
   9698     VARIABLE WF1R 1;
   9699     VARIABLE WF2R 1;
   9700     VARIABLE WF1ON 1;
   9701     VARIABLE WF2ON 1;
   9702     VARIABLE Q1  1;
   9703     VARIABLE Q1H 1;
   9704     VARIABLE Q2  1;
   9705     VARIABLE H1  1;
   9706     VARIABLE Q3  1;
   9707     VARIABLE Q4  1;
   9708     VARIABLE Q5  1;
   9709     VARIABLE H2  1;
   9710     VARIABLE Q6  1;
   9711     VARIABLE Q7  1;
   9712     VARIABLE H3  1;
   9713     VARIABLE O1  1;
   9714     VARIABLE Q8  1;
   9715     VARIABLE Q9  1;
   9716     VARIABLE Q10 1;
   9717     VARIABLE Q11 1;
   9718     VARIABLE Q12 1;
   9719     VARIABLE Q13 1;
   9720     VARIABLE Q14 1;
   9721     VARIABLE Q15 1;
   9722     VARIABLE TESTFP1 1;
   9723     VARIABLE TESTFP2 1;
   9724     VARIABLE TESTFP3 1;
   9725     VARIABLE TESTDSSD 1;
   9726     PROCEDURE SETEFB;
   9727       NE1(1) := 0;
   9728       NE1(2) := -0.01;
   9729       NE1(3) := 0;
   9730       NE1(4) := 11.;
   9731       NE2(1) := 0.0019;
   9732       NE2(2) := -0.04;
   9733       NE2(3) := 0;
   9734       NE2(4) := 11 ;
   9735       NM1(1) := 0;
   9736       NM1(2) := 0.033;
   9737       NM1(3) := 0;
   9738       NM1(4) := -3.8;
   9739       B1S1(1):=0.189;
   9740       B1S1(2):=0.0115;
   9741       B1S1(3):=0.2438;
   9742       B1S1(4):=0.9504;
   9743       B1S2(1):=0.1504;
   9744       B1S2(2):=-0.0278;
   9745       B1S2(3):=0.1095;
   9746       B1S2(4):=0.8070;
   9747       B2S1(1):=0.115;
   9748       B2S1(2):=0.0083;
   9749       B2S1(3):=0.180;
   9750       B2S1(4):=-40.15;
   9751       B2S2(1):=0.115;
   9752       B2S2(2):=-0.2499;
   9753       B2S2(3):=1.430;
   9754       B2S2(4):=38.34;
   9755       B3S1(1):=0.190;
   9756       B3S1(2):=1.0541;
   9757       B3S1(3):=-9.475;
   9758       B3S1(4):=5.54;
   9759       B3S2(1):=0.115;
   9760       B3S2(2):=-0.0499;
   9761       B3S2(3):=34.09;
   9762       B3S2(4):=52.87;
   9763       B4S1(1):=0.191;
   9764       B4S1(2):=-0.3390;
   9765       B4S1(3):=-5.464;
   9766       B4S1(4):=0.70;
   9767       B4S2(1):=0.190;
   9768       B4S2(2):=-0.0287;
   9769       B4S2(3):=-0.332;
   9770       B4S2(4):=0.08;
   9771       B5S1(1):=0.189;
   9772       B5S1(2):=0.712;
   9773       B5S1(3):=-0.825;
   9774       B5S1(4):=-53.36;
   9775       B5S2(1):=-0.180;
   9776       B5S2(2):=-5.549;
   9777       B5S2(3):=3.288;
   9778       B5S2(4):=28.82;
   9779       B6S1(1):=0.198;
   9780       B6S1(2):=0.023;
   9781       B6S1(3):=-0.227;
   9782       B6S1(4):=1.02;
   9783       B6S2(1):=0.203;
   9784       B6S2(2):=-4.13;
   9785       B6S2(3):=67.40;
   9786       B6S2(4):=52.95;
   9787       B7S1(1):=0;
   9788       B7S1(2):=0.0115;
   9789       B7S1(3):=0.066;
   9790       B7S1(4):=3.44;
   9791       B7S2(1):=0;
   9792       B7S2(2):=0.0228;
   9793       B7S2(3):=0.036;
   9794       B7S2(4):=-1.02;
   9795       B8S1(1):=0;
   9796       B8S1(2):=0.0115;
   9797       B8S1(3):=0.066;
   9798       B8S1(4):=3.44;
   9799       B8S2(1):=0;
   9800       B8S2(2):=0.0228;
   9801       B8S2(3):=0.036;
   9802       B8S2(4):=-1.02;
   9803       ENDPROCEDURE;
   9804     PROCEDURE RECOIL_BL;
   9805       IF (TESTFP1=1);
   9806         FR 3; %FR: 5390
   9807         DL 0.799906; %DL: 6515
   9808         IF (MISALIGN=1);
   9809           TA -0.0212 0.0070; %TA: 8997
   9810           RA 0.0019; %RA: 9038
   9811           SA 0.000028 0.000074; %SA: 8988
   9812           ENDIF;
   9813         M5 0.250 Q1*SC Q1H*SC 0 -0.00318*Q1*SC 0 0.055; %M5: 7175
   9814         IF (MISALIGN=1);
   9815           SA -0.000028 -0.000074; %SA: 8988
   9816           RA -0.0019; %RA: 9038
   9817           TA 0.0212 -0.0070; %TA: 8997
   9818           ENDIF;
   9819         DL 0.191104; %DL: 6515
   9820         IF (MISALIGN=1);
   9821           TA 0.0119 0.0072; %TA: 8997
   9822           RA 0.0038; %RA: 9038
   9823           SA 0.00002 0.000005; %SA: 8988
   9824           ENDIF;
   9825         MQ 0.2979 Q2*SC*1.0 0.068; %MQ: 7032
   9826         IF (MISALIGN=1);
   9827           SA -0.00002 -0.000005; %SA: 8988
   9828           RA -0.0038; %RA: 9038
   9829           TA -0.0119 -0.0072; %TA: 8997
   9830           ENDIF;
   9831         DL 0.580965/2 ; %DL: 6515
   9832         OPENF 18 'output.txt' 'unknown';
   9833         OPENF 19 'ray.txt' 'unknown';
   9834         DL 0.580965/2 ; %DL: 6515
   9835         IF (MISALIGN=1);
   9836           TA 0.0094 0.0108; %TA: 8997
   9837           RA 0.0058; %RA: 9038
   9838           SA -0.000036 0.000112; %SA: 8988
   9839           ENDIF;
   9840         MC 1.25 22.51145 0.030 B1N B1S1 B1S2 7; %MC: 7762
   9841         IF (MISALIGN=1);
   9842           SA 0.000036 -0.000112; %SA: 8988
   9843           RA -0.0058; %RA: 9038
   9844           TA -0.0094 -0.0108; %TA: 8997
   9845           ENDIF;
   9846         DL 0.999742 ; %DL: 6515
   9847         IF (MISALIGN=1);
   9848           TA 0.0044 0.0044; %TA: 8997
   9849           RA 0.0012; %RA: 9038
   9850           SA -0.000007 0.000147; %SA: 8988
   9851           ENDIF;
   9852         MC 1.25 22.5121 0.030 B1N B2S1 B2S2 7; %MC: 7762
   9853         IF (MISALIGN=1);
   9854           SA 0.000007 0.000147; %SA: 8988
   9855           RA -0.0012; %RA: 9038
   9856           TA -0.0044 -0.0044; %TA: 8997
   9857           ENDIF;
   9858         DL 0.769867; %DL: 6515
   9859         DL 0.399973; %DL: 6515
   9860         IF (MISALIGN=1);
   9861           TA -0.0165 0.0048; %TA: 8997
   9862           RA -0.0055; %RA: 9038
   9863           SA 0.000011 0.00002; %SA: 8988
   9864           ENDIF;
   9865         MH 0.26 H1*SC 0.11; %MH: 7109
   9866         IF (MISALIGN=1);
   9867           TA 0.0165 -0.0048; %TA: 8997
   9868           RA 0.0055; %RA: 9038
   9869           SA -0.000011 -0.00002; %SA: 8988
   9870           ENDIF;
   9871         DL 0.270114; %DL: 6515
   9872         IF (MISALIGN=1);
   9873           TA -0.0147 -0.0009; %TA: 8997
   9874           RA 0.0037; %RA: 9038
   9875           SA 0.000003 -0.000002; %SA: 8988
   9876           ENDIF;
   9877         MQ 0.3499 Q3*SC 0.11; %MQ: 7032
   9878         IF (MISALIGN=1);
   9879           TA 0.0147 0.0009; %TA: 8997
   9880           RA -0.0037; %RA: 9038
   9881           SA -0.000003 0.000002; %SA: 8988
   9882           ENDIF;
   9883         DL 0.351643; %DL: 6515
   9884         IF (MISALIGN=1);
   9885           TA 0.0168 0.0040; %TA: 8997
   9886           RA 0.0054; %RA: 9038
   9887           SA -0.000047 -0.000002; %SA: 8988
   9888           ENDIF;
   9889         M5 0.3467 Q4*SC 0 0 0 0 0.08; %M5: 7175
   9890         IF (MISALIGN=1);
   9891           TA -0.0168 -0.0040; %TA: 8997
   9892           RA -0.0054; %RA: 9038
   9893           SA 0.000047 0.000002; %SA: 8988
   9894           ENDIF;
   9895         DL 0.213339; %DL: 6515
   9896         IF (MISALIGN=1);
   9897           TA -0.0367 -0.0012; %TA: 8997
   9898           RA 0.0223; %RA: 9038
   9899           SA -0.000012 -0.000005; %SA: 8988
   9900           ENDIF;
   9901         MQ 0.3466 Q5*SC 0.06; %MQ: 7032
   9902         IF (MISALIGN=1);
   9903           TA 0.0367 0.0012; %TA: 8997
   9904           RA -0.0223; %RA: 9038
   9905           SA 0.000012 0.000005; %SA: 8988
   9906           ENDIF;
   9907         DL 0.146731 ; %DL: 6515
   9908         PS 0.01; %PS: 6527
   9909         WW(1):= VMAX(RAY(1));
   9910         WW(2):= VMIN(RAY(1));
   9911         WV:=(WW(1)-WW(2));
   9912         WRITE 18 'BEAM_SIZE_X_FP1'&S(WV); %S:  227
   9913         WRITE 18 'X_DIS '&S(RE(RAY(1))); %S:  227
   9914         WW(1):= VMAX(RAY(3));
   9915         WW(2):= VMIN(RAY(3));
   9916         WV:=(WW(1)-WW(2));
   9917         WRITE 18 'BEAM_SIZE_Y_FP1'&S(WV); %S:  227
   9918         WRITE 18 'Y_DIS '&S(RE(RAY(3))); %S:  227
   9919         ELSEIF 1=1;
   9920         ENDIF;
   9921       IF (TESTFP2=1);
   9922         DL 0.185 ; %DL: 6515
   9923         DL 0.16965 ; %DL: 6515
   9924         MC 1.25 22.5321 0.05 B1N B3S1 B3S2 7; %MC: 7762
   9925         DL 0.50685; %DL: 6515
   9926         MC 1.25 22.5807 0.05 B1N B4S1 B4S2 7; %MC: 7762
   9927         DL 0.299023 ; %DL: 6515
   9928         IF (MISALIGN=1);
   9929           TA -0.0198 -0.0103; %TA: 8997
   9930           RA -0.0121; %RA: 9038
   9931           SA -0.000028 -0.000023; %SA: 8988
   9932           ENDIF;
   9933         M5 0.26 0 H2*SC 0 0 0 0.12; %M5: 7175
   9934         IF (MISALIGN=1);
   9935           TA 0.0198 0.0103; %TA: 8997
   9936           RA 0.0121; %RA: 9038
   9937           SA 0.000028 0.000023; %SA: 8988
   9938           ENDIF;
   9939         DL 0.270097; %DL: 6515
   9940         DL 0.270107; %DL: 6515
   9941         IF (MISALIGN=1);
   9942           TA 0.0068 -0.0021; %TA: 8997
   9943           RA 0.0016; %RA: 9038
   9944           SA -0.000035 0.000012; %SA: 8988
   9945           ENDIF;
   9946         MQ 0.3398 Q6*SC 0.14; %MQ: 7032
   9947         IF (MISALIGN=1);
   9948           TA -0.0068 0.0021; %TA: 8997
   9949           RA -0.0016; %RA: 9038
   9950           SA 0.000035 -0.000012; %SA: 8988
   9951           ENDIF;
   9952         DL 0.200109 ; %DL: 6515
   9953         IF (MISALIGN=1);
   9954           TA 0.0013 0.0096; %TA: 8997
   9955           RA 0.0039; %RA: 9038
   9956           SA -0.000028 0.00005; %SA: 8988
   9957           ENDIF;
   9958         MQ 0.3401 Q7*SC 0.13 ; %MQ: 7032
   9959         IF (MISALIGN=1);
   9960           TA -0.0013 -0.0096; %TA: 8997
   9961           RA -0.0039; %RA: 9038
   9962           SA 0.000028 -0.00005; %SA: 8988
   9963           ENDIF;
   9964         DL 0.499884 ; %DL: 6515
   9965         FC 1 1 1 -0.16 1.603 -0.0105 0.015 -0.0226 0.0038; %FC:  674
   9966         FC 1 2 1 -0.16 1.603 -0.0105 0.015 -0.0226 0.0038; %FC:  674
   9967         FC 1 1 2 -0.167 1.874 0.246 -0.052 0.0142 0.066; %FC:  674
   9968         FC 1 2 2 -0.167 1.874 0.246 -0.052 0.0142 0.066; %FC:  674
   9969         IF (WF1ON=1);
   9970           CB; %CB: 6982
   9971           WC WF1R WF1R 2.365 0.11 NE1 NM1 4 ; %WC: 8510
   9972           CB; %CB: 6982
   9973           ELSEIF 1=1;
   9974           DL 2.365; %DL: 6515
   9975           ENDIF;
   9976         FD; %FD:  864
   9977         FR 3; %FR: 5390
   9978         DL 0.500088; %DL: 6515
   9979         IF (MISALIGN=1);
   9980           TA 0.0118 0.0081; %TA: 8997
   9981           RA 0.0001; %RA: 9038
   9982           SA 0.000028 0.000003; %SA: 8988
   9983           ENDIF;
   9984         M5 0.26 0 H3*SC 0 0 0 0.09; %M5: 7175
   9985         IF (MISALIGN=1);
   9986           TA -0.0118 -0.0081; %TA: 8997
   9987           RA -0.0001; %RA: 9038
   9988           SA -0.000028 -0.000003; %SA: 8988
   9989           ENDIF;
   9990         DL 0.279901; %DL: 6515
   9991         IF (MISALIGN=1);
   9992           TA -0.0076 -0.0143; %TA: 8997
   9993           RA 0.0057; %RA: 9038
   9994           SA 0.000045 -0.000034; %SA: 8988
   9995           ENDIF;
   9996         M5 0.26 0 0 O1*SC 0 0 0.09; %M5: 7175
   9997         IF (MISALIGN=1);
   9998           TA 0.0076 0.0143; %TA: 8997
   9999           RA -0.0057; %RA: 9038
  10000           SA -0.000045 0.000034; %SA: 8988
  10001           ENDIF;
  10002         DL 1.750011; %DL: 6515
  10003         PS 0.005; %PS: 6527
  10004         WW(1):= VMAX(RAY(1));
  10005         WW(2):= VMIN(RAY(1));
  10006         WV:=(WW(1)-WW(2));
  10007         WRITE 18 'BEAM_SIZE_X_FP2'&S(WV); %S:  227
  10008         WW(1):= VMAX(RAY(3));
  10009         WW(2):= VMIN(RAY(3));
  10010         WV:=(WW(1)-WW(2));
  10011         WRITE 18 'BEAM_SIZE_Y_FP2'&S(WV); %S:  227
  10012         ELSEIF 1=1;
  10013         ENDIF;
  10014       IF (TESTFP3=1);
  10015         DL    0.87212; %DL: 6515
  10016         IF (MISALIGN=1);
  10017           TA 0.0181 0.0197; %TA: 8997
  10018           RA 0.0014; %RA: 9038
  10019           SA -0.000046 0.000022; %SA: 8988
  10020           ENDIF;
  10021         M5 0.25 Q8*SC 0 -0.0001*(Q8/-0.14822)*SC 0 0 0.05; %M5: 7175
  10022         IF (MISALIGN=1);
  10023           TA -0.0181 -0.0197; %TA: 8997
  10024           RA -0.0014; %RA: 9038
  10025           SA 0.000046 -0.000022; %SA: 8988
  10026           ENDIF;
  10027         DL 0.394857; %DL: 6515
  10028         IF (MISALIGN=1);
  10029           TA -0.0014 -0.0090; %TA: 8997
  10030           RA 0.0102; %RA: 9038
  10031           SA 0.000037 0.00005; %SA: 8988
  10032           ENDIF;
  10033         M5 0.30 Q9*SC 0 0.00015*(Q9/0.23438)*SC 0 0 0.07; %M5: 7175
  10034         IF (MISALIGN=1);
  10035           TA 0.014 0.0090; %TA: 8997
  10036           RA -0.0102; %RA: 9038
  10037           SA -0.000037 -0.00005; %SA: 8988
  10038           ENDIF;
  10039         DL 0.360023; %DL: 6515
  10040         MC 1.25 42.5 0.036 B1N B5S1 B5S2 7; %MC: 7762
  10041         DL 0.35; %DL: 6515
  10042         MC 1.25 42.5 0.036 B1N B6S1 B6S2 7; %MC: 7762
  10043         DL 0.829984 ; %DL: 6515
  10044         IF (MISALIGN=1);
  10045           TA -0.0099 -0.0006; %TA: 8997
  10046           RA 0.0023; %RA: 9038
  10047           SA -0.000026 0.000011; %SA: 8988
  10048           ENDIF;
  10049         M5 0.26 Q10*SC 0 0.00005*(Q10/(-0.03367))*SC 0 0 0.09; %M5: 71
                  75
  10050         IF (MISALIGN=1);
  10051           TA 0.0099 0.0006; %TA: 8997
  10052           RA -0.0023; %RA: 9038
  10053           SA 0.000026 -0.000011; %SA: 8988
  10054           ENDIF;
  10055         DL 0.650224; %DL: 6515
  10056         IF (MISALIGN=1);
  10057           TA 0.0184 0.0197; %TA: 8997
  10058           RA -0.0023; %RA: 9038
  10059           SA -0.000023 0.000011; %SA: 8988
  10060           ENDIF;
  10061         M5 0.34 Q11*SC 0 0.000125*(Q11/0.16158)*SC 0 0 0.12; %M5: 7175

  10062         IF (MISALIGN=1);
  10063           TA -0.0184 -0.0197; %TA: 8997
  10064           RA 0.0023; %RA: 9038
  10065           SA 0.000023 -0.000011; %SA: 8988
  10066           ENDIF;
  10067         DL 0.99972 ; %DL: 6515
  10068         FC 1 1 1 -0.16 1.603 -0.0105 0.015 -0.0226 0.0038; %FC:  674
  10069         FC 1 2 1 -0.16 1.603 -0.0105 0.015 -0.0226 0.0038; %FC:  674
  10070         FC 1 1 2  -0.124 1.98 0.186 -0.069 0.01 0.053; %FC:  674
  10071         FC 1 1 2  -0.124 1.98 0.186 -0.069 0.01 0.053; %FC:  674
  10072         IF (WF2ON=1);
  10073           CB; %CB: 6982
  10074           WC WF2R WF2R 2.365  0.11 NE2 NM1 4 ; %WC: 8510
  10075           CB; %CB: 6982
  10076           ELSEIF 1=1;
  10077           DL 2.365; %DL: 6515
  10078           ENDIF;
  10079         FD; %FD:  864
  10080         FR 3; %FR: 5390
  10081         DL 4.60; %DL: 6515
  10082         PS 0.035; %PS: 6527
  10083         WW(1):= VMAX(RAY(1));
  10084         WW(2):= VMIN(RAY(1));
  10085         WV:=(WW(1)-WW(2));
  10086         WRITE 18 'BEAM_SIZE_X_FP3'&S(WV); %S:  227
  10087         WW(1):= VMAX(RAY(3));
  10088         WW(2):= VMIN(RAY(3));
  10089         WV:=(WW(1)-WW(2));
  10090         WRITE 18 'BEAM_SIZE_Y_FP3'&S(WV); %S:  227
  10091         ELSEIF 1=1;
  10092         ENDIF;
  10093       IF (TESTDSSD=1);
  10094         DL 0.25115; %DL: 6515
  10095         MQ 0.2977 Q12*SC 0.07; %MQ: 7032
  10096         DL 0.35075; %DL: 6515
  10097         MQ 0.3008 Q13*SC 0.05; %MQ: 7032
  10098         DL 0.6596/2; %DL: 6515
  10099         DL 0.6596/2; %DL: 6515
  10100         MC 1.25 55. 0.03 B1N B7S1 B7S2 4; %MC: 7762
  10101         DL 0.68; %DL: 6515
  10102         MC 1.25 55. 0.03 B1N B8S1 B8S2 4; %MC: 7762
  10103         DL 0.86025; %DL: 6515
  10104         MQ 0.2995 Q14*SC*1.00 0.05; %MQ: 7032
  10105         DL 0.44965; %DL: 6515
  10106         MQ 0.3012 Q15*SC*1.00 0.05; %MQ: 7032
  10107         DL 0.7112; %DL: 6515
  10108         PS (0.075/1.41)/2; %PS: 6527
  10109         DL 1.3945; %DL: 6515
  10110         DL 2.8194-0.7112-1.3945; %DL: 6515
  10111         PS 0.035; %PS: 6527
  10112         DL 3.1496-2.8194; %DL: 6515
  10113         PS (0.064)/2; %PS: 6527
  10114         WW(1):= VMAX(RAY(1));
  10115         WRITE 6 'HJI';
  10116         WW(2):= VMIN(RAY(1));
  10117         WV:=(WW(1)-WW(2));
  10118         WRITE 18 'BEAM_SIZE_X_FP4'&S(WV); %S:  227
  10119         WRITE 19 'Image size DSSD X =' RAY(1);
  10120         WW(1):= VMAX(RAY(3));
  10121         WW(2):= VMIN(RAY(3));
  10122         WV:=(WW(1)-WW(2));
  10123         WRITE 18 'BEAM_SIZE_Y_FP4'&S(WV); %S:  227
  10124         WRITE 19 'Image size DSSD Y =' RAY(3);
  10125         MRESOL_P1 := ABS(ME(1,7))/(2*XX*ME(1,1)); %ME:  461 %ME:  461
  10126         ELSEIF 1=1;
  10127         ENDIF;
  10128       CLOSEF 18;
  10129       ENDPROCEDURE;
  10130     OV 4 3 2 ; %OV:  914
  10131     WSET 1.5E-3; %WSET:  642
  10132     SETEFB; %SETEFB: 9726
  10133     XX:=0.00075;
  10134     AX:=0.010;
  10135     YY:=0.00075;
  10136     AY:=0.010;
  10137     DE:= 0.000;
  10138     NMAX:=190;
  10139     WF1R:=7.0;
  10140     WF2R:=7.0;
  10141     WF2ON:=1;
  10142     WF1ON:=1;
  10143     MISALIGN:=1;
  10144     Q1:=-0.39773;
  10145     Q1H:=0.004679;
  10146     Q2:=0.219352;
  10147     H1:=0.0103065;
  10148     Q3:=0.242872;
  10149     Q4:=-0.24756;
  10150     Q5:=0.112391;
  10151     H2:=0.010507;
  10152     Q6:=0.181632;
  10153     Q7:=-0.030022;
  10154     H3:=-0.0083745;
  10155     O1:=0.031283;
  10156     Q8:=-0.14822;
  10157     Q9:=0.234380;
  10158     Q10:=-0.03367;
  10159     Q11:=0.161580;
  10160     Q12:=-0.182;
  10161     Q13:=0.1910;
  10162     Q14:=0.12900;
  10163     Q15:=-0.1380;
  10164     RP 206 66*PARA(1) 21*PARA(2) ; %RP: 6282 %PARA:  989 %PARA:  989
  10165     CANONICAL_RIGIDITY:=CONS(CHIM);
  10166     RP 25.105 20*PARA(1) 8*PARA(2) ; %RP: 6282 %PARA:  989 %PARA:  989

  10167     SC:=CONS(CHIM)/CANONICAL_RIGIDITY;
  10168     UM; %UM: 1433
  10169     CR                  ; %CR:  892
  10170     UM; %UM: 1433
  10171     TESTFP1:=1;
  10172     TESTFP2:=1;
  10173     TESTFP3:=1;
  10174     TESTDSSD:=1;
  10175     BP; %BP: 2714
  10176     RECOIL_BL; %RECOIL_BL: 9804
  10177     EP; %EP: 2773
  10178     ENDPROCEDURE ;
  10179   RUN ; %RUN: 9647
